[    0.000000] Initializing cgroup subsys cpuset
[    0.000000] Initializing cgroup subsys cpu
[    0.000000] Initializing cgroup subsys cpuacct
[    0.000000] Linux version 4.4.0-109-generic (buildd@lgw01-amd64-038) (gcc version 5.4.0 20160609 (Ubuntu 5.4.0-6ubuntu1~16.04.5) ) #132-Ubuntu SMP Tue Jan 9 19:52:39 UTC 2018 (Ubuntu 4.4.0-109.132-generic 4.4.98)
[    0.000000] Command line: BOOT_IMAGE=/boot/vmlinuz-4.4.0-109-generic root=LABEL=cloudimg-rootfs ro console=tty1 console=ttyS0
[    0.000000] KERNEL supported cpus:
[    0.000000]   Intel GenuineIntel
[    0.000000]   AMD AuthenticAMD
[    0.000000]   Centaur CentaurHauls
[    0.000000] x86/fpu: xstate_offset[2]:  576, xstate_sizes[2]:  256
[    0.000000] x86/fpu: Supporting XSAVE feature 0x01: 'x87 floating point registers'
[    0.000000] x86/fpu: Supporting XSAVE feature 0x02: 'SSE registers'
[    0.000000] x86/fpu: Supporting XSAVE feature 0x04: 'AVX registers'
[    0.000000] x86/fpu: Enabled xstate features 0x7, context size is 832 bytes, using 'standard' format.
[    0.000000] x86/fpu: Using 'lazy' FPU context switches.
[    0.000000] e820: BIOS-provided physical RAM map:
[    0.000000] BIOS-e820: [mem 0x0000000000000000-0x000000000009fbff] usable
[    0.000000] BIOS-e820: [mem 0x000000000009fc00-0x000000000009ffff] reserved
[    0.000000] BIOS-e820: [mem 0x00000000000f0000-0x00000000000fffff] reserved
[    0.000000] BIOS-e820: [mem 0x0000000000100000-0x000000005f3effff] usable
[    0.000000] BIOS-e820: [mem 0x000000005f3f0000-0x000000005f3fffff] ACPI data
[    0.000000] BIOS-e820: [mem 0x00000000fec00000-0x00000000fec00fff] reserved
[    0.000000] BIOS-e820: [mem 0x00000000fee00000-0x00000000fee00fff] reserved
[    0.000000] BIOS-e820: [mem 0x00000000fffc0000-0x00000000ffffffff] reserved
[    0.000000] NX (Execute Disable) protection: active
[    0.000000] SMBIOS 2.5 present.
[    0.000000] Hypervisor detected: KVM
[    0.000000] e820: last_pfn = 0x5f3f0 max_arch_pfn = 0x400000000
[    0.000000] MTRR: Disabled
[    0.000000] x86/PAT: MTRRs disabled, skipping PAT initialization too.
[    0.000000] CPU MTRRs all blank - virtualized system.
[    0.000000] x86/PAT: Configuration [0-7]: WB  WT  UC- UC  WB  WT  UC- UC  
[    0.000000] found SMP MP-table at [mem 0x0009fff0-0x0009ffff] mapped at [ffff88000009fff0]
[    0.000000] Scanning 1 areas for low memory corruption
[    0.000000] RAMDISK: [mem 0x36adc000-0x37565fff]
[    0.000000] ACPI: Early table checksum verification disabled
[    0.000000] ACPI: RSDP 0x00000000000E0000 000024 (v02 VBOX  )
[    0.000000] ACPI: XSDT 0x000000005F3F0030 00003C (v01 VBOX   VBOXXSDT 00000001 ASL  00000061)
[    0.000000] ACPI: FACP 0x000000005F3F00F0 0000F4 (v04 VBOX   VBOXFACP 00000001 ASL  00000061)
[    0.000000] ACPI: DSDT 0x000000005F3F0470 0021FF (v02 VBOX   VBOXBIOS 00000002 INTL 20140214)
[    0.000000] ACPI: FACS 0x000000005F3F0200 000040
[    0.000000] ACPI: FACS 0x000000005F3F0200 000040
[    0.000000] ACPI: APIC 0x000000005F3F0240 00005C (v02 VBOX   VBOXAPIC 00000001 ASL  00000061)
[    0.000000] ACPI: SSDT 0x000000005F3F02A0 0001CC (v01 VBOX   VBOXCPUT 00000002 INTL 20140214)
[    0.000000] No NUMA configuration found
[    0.000000] Faking a node at [mem 0x0000000000000000-0x000000005f3effff]
[    0.000000] NODE_DATA(0) allocated [mem 0x5f3eb000-0x5f3effff]
[    0.000000] kvm-clock: Using msrs 4b564d01 and 4b564d00
[    0.000000] kvm-clock: cpu 0, msr 0:5f3e3001, primary cpu clock
[    0.000000] kvm-clock: using sched offset of 3177650741 cycles
[    0.000000] clocksource: kvm-clock: mask: 0xffffffffffffffff max_cycles: 0x1cd42e4dffb, max_idle_ns: 881590591483 ns
[    0.000000] Zone ranges:
[    0.000000]   DMA      [mem 0x0000000000001000-0x0000000000ffffff]
[    0.000000]   DMA32    [mem 0x0000000001000000-0x000000005f3effff]
[    0.000000]   Normal   empty
[    0.000000]   Device   empty
[    0.000000] Movable zone start for each node
[    0.000000] Early memory node ranges
[    0.000000]   node   0: [mem 0x0000000000001000-0x000000000009efff]
[    0.000000]   node   0: [mem 0x0000000000100000-0x000000005f3effff]
[    0.000000] Initmem setup node 0 [mem 0x0000000000001000-0x000000005f3effff]
[    0.000000] ACPI: PM-Timer IO Port: 0x4008
[    0.000000] IOAPIC[0]: apic_id 2, version 32, address 0xfec00000, GSI 0-23
[    0.000000] ACPI: INT_SRC_OVR (bus 0 bus_irq 0 global_irq 2 dfl dfl)
[    0.000000] ACPI: INT_SRC_OVR (bus 0 bus_irq 9 global_irq 9 low level)
[    0.000000] Using ACPI (MADT) for SMP configuration information
[    0.000000] smpboot: Allowing 2 CPUs, 0 hotplug CPUs
[    0.000000] PM: Registered nosave memory: [mem 0x00000000-0x00000fff]
[    0.000000] PM: Registered nosave memory: [mem 0x0009f000-0x0009ffff]
[    0.000000] PM: Registered nosave memory: [mem 0x000a0000-0x000effff]
[    0.000000] PM: Registered nosave memory: [mem 0x000f0000-0x000fffff]
[    0.000000] e820: [mem 0x5f400000-0xfebfffff] available for PCI devices
[    0.000000] Booting paravirtualized kernel on KVM
[    0.000000] clocksource: refined-jiffies: mask: 0xffffffff max_cycles: 0xffffffff, max_idle_ns: 7645519600211568 ns
[    0.000000] setup_percpu: NR_CPUS:512 nr_cpumask_bits:512 nr_cpu_ids:2 nr_node_ids:1
[    0.000000] PERCPU: Embedded 34 pages/cpu @ffff88005f000000 s99544 r8192 d31528 u1048576
[    0.000000] PV qspinlock hash table entries: 256 (order: 0, 4096 bytes)
[    0.000000] Built 1 zonelists in Node order, mobility grouping on.  Total pages: 383913
[    0.000000] Policy zone: DMA32
[    0.000000] Kernel command line: BOOT_IMAGE=/boot/vmlinuz-4.4.0-109-generic root=LABEL=cloudimg-rootfs ro console=tty1 console=ttyS0
[    0.000000] PID hash table entries: 4096 (order: 3, 32768 bytes)
[    0.000000] Memory: 1505548K/1560120K available (8485K kernel code, 1308K rwdata, 3988K rodata, 1508K init, 1316K bss, 54572K reserved, 0K cma-reserved)
[    0.000000] SLUB: HWalign=64, Order=0-3, MinObjects=0, CPUs=2, Nodes=1
[    0.000000] Kernel/User page tables isolation: enabled
[    0.000000] Hierarchical RCU implementation.
[    0.000000] 	Build-time adjustment of leaf fanout to 64.
[    0.000000] 	RCU restricting CPUs from NR_CPUS=512 to nr_cpu_ids=2.
[    0.000000] RCU: Adjusting geometry for rcu_fanout_leaf=64, nr_cpu_ids=2
[    0.000000] NR_IRQS:33024 nr_irqs:440 16
[    0.000000] Console: colour VGA+ 80x25
[    0.000000] console [tty1] enabled
[    0.000000] console [ttyS0] enabled
[    0.000000] tsc: Detected 2394.556 MHz processor
[    0.267274] Calibrating delay loop (skipped) preset value.. 4789.11 BogoMIPS (lpj=9578224)
[    0.269103] pid_max: default: 32768 minimum: 301
[    0.270103] ACPI: Core revision 20150930
[    0.271927] ACPI: 2 ACPI AML tables successfully acquired and loaded
[    0.273293] Security Framework initialized
[    0.274171] Yama: becoming mindful.
[    0.274997] AppArmor: AppArmor initialized
[    0.276355] Dentry cache hash table entries: 262144 (order: 9, 2097152 bytes)
[    0.447741] Inode-cache hash table entries: 131072 (order: 8, 1048576 bytes)
[    0.647484] Mount-cache hash table entries: 4096 (order: 3, 32768 bytes)
[    0.828758] Mountpoint-cache hash table entries: 4096 (order: 3, 32768 bytes)
[    1.007073] Initializing cgroup subsys io
[    1.043692] Initializing cgroup subsys memory
[    1.062905] Initializing cgroup subsys devices
[    1.063671] Initializing cgroup subsys freezer
[    1.064432] Initializing cgroup subsys net_cls
[    1.065190] Initializing cgroup subsys perf_event
[    1.065984] Initializing cgroup subsys net_prio
[    1.066806] Initializing cgroup subsys hugetlb
[    1.067587] Initializing cgroup subsys pids
[    1.068440] CPU: Physical Processor ID: 0
[    1.069149] CPU: Processor Core ID: 0
[    1.168921] mce: CPU supports 0 MCE banks
[    1.194842] Last level iTLB entries: 4KB 512, 2MB 8, 4MB 8
[    1.199161] Last level dTLB entries: 4KB 512, 2MB 32, 4MB 32, 1GB 0
[    1.202267] Freeing SMP alternatives memory: 32K
[    1.242994] ftrace: allocating 32171 entries in 126 pages
[    1.294264] smpboot: APIC(0) Converting physical 0 to logical package 0
[    1.302122] smpboot: Max logical packages: 1
[    1.323593] x2apic enabled
[    1.324352] Switched APIC routing to physical x2apic.
[    1.326338] ..TIMER: vector=0x30 apic1=0 pin1=2 apic2=-1 pin2=-1
[    1.434788] smpboot: CPU0: Intel(R) Core(TM) i7-3630QM CPU @ 2.40GHz (family: 0x6, model: 0x3a, stepping: 0x9)
[    1.442410] Performance Events: unsupported p6 CPU model 58 no PMU driver, software events only.
[    1.444533] KVM setup paravirtual spinlock
[    1.446953] x86: Booting SMP configuration:
[    1.546562] .... node  #0, CPUs:      #1
[    1.587935] kvm-clock: cpu 1, msr 0:5f3e3041, secondary cpu clock
[    1.858666] mce: CPU supports 0 MCE banks
[    1.861097] x86: Booted up 1 node, 2 CPUs
[    1.862028] smpboot: Total of 2 processors activated (9578.22 BogoMIPS)
[    1.863419] devtmpfs: initialized
[    1.865904] evm: security.selinux
[    1.867645] evm: security.SMACK64
[    1.868272] evm: security.SMACK64EXEC
[    1.868932] evm: security.SMACK64TRANSMUTE
[    1.870733] evm: security.SMACK64MMAP
[    1.871684] evm: security.ima
[    1.884160] evm: security.capability
[    1.885170] clocksource: jiffies: mask: 0xffffffff max_cycles: 0xffffffff, max_idle_ns: 7645041785100000 ns
[    1.887833] futex hash table entries: 512 (order: 3, 32768 bytes)
[    1.888883] pinctrl core: initialized pinctrl subsystem
[    1.889843] RTC time: 21:28:52, date: 01/20/18
[    1.891067] NET: Registered protocol family 16
[    2.014769] cpuidle: using governor ladder
[    2.138316] cpuidle: using governor menu
[    2.157726] PCCT header not found.
[    2.158473] ACPI: bus type PCI registered
[    2.159179] acpiphp: ACPI Hot Plug PCI Controller Driver version: 0.5
[    2.160240] PCI: Using configuration type 1 for base access
[    2.172421] ACPI: Added _OSI(Module Device)
[    2.267637] ACPI: Added _OSI(Processor Device)
[    2.269862] ACPI: Added _OSI(3.0 _SCP Extensions)
[    2.270713] ACPI: Added _OSI(Processor Aggregator Device)
[    2.272603] ACPI: Executed 1 blocks of module-level executable AML code
[    2.291500] ACPI: Interpreter enabled
[    2.293895] ACPI: (supports S0 S5)
[    2.297743] ACPI: Using IOAPIC for interrupt routing
[    2.298906] PCI: Using host bridge windows from ACPI; if necessary, use "pci=nocrs" and report a bug
[    2.303648] ACPI: PCI Root Bridge [PCI0] (domain 0000 [bus 00-ff])
[    2.315188] acpi PNP0A03:00: _OSC: OS supports [ASPM ClockPM Segments MSI]
[    2.316273] acpi PNP0A03:00: _OSC: not requesting OS control; OS requires [ExtendedConfig ASPM ClockPM MSI]
[    2.317846] acpi PNP0A03:00: fail to add MMCONFIG information, can't access extended PCI configuration space under this bridge.
[    2.322573] PCI host bridge to bus 0000:00
[    2.323284] pci_bus 0000:00: root bus resource [io  0x0000-0x0cf7 window]
[    2.324336] pci_bus 0000:00: root bus resource [io  0x0d00-0xffff window]
[    2.325344] pci_bus 0000:00: root bus resource [mem 0x000a0000-0x000bffff window]
[    2.326666] pci_bus 0000:00: root bus resource [mem 0x5f400000-0xfdffffff window]
[    2.327904] pci_bus 0000:00: root bus resource [bus 00-ff]
[    2.330106] pci 0000:00:01.1: legacy IDE quirk: reg 0x10: [io  0x01f0-0x01f7]
[    2.334062] pci 0000:00:01.1: legacy IDE quirk: reg 0x14: [io  0x03f6]
[    2.336144] pci 0000:00:01.1: legacy IDE quirk: reg 0x18: [io  0x0170-0x0177]
[    2.337202] pci 0000:00:01.1: legacy IDE quirk: reg 0x1c: [io  0x0376]
[    2.357746] pci 0000:00:07.0: quirk: [io  0x4000-0x403f] claimed by PIIX4 ACPI
[    2.554319] pci 0000:00:07.0: quirk: [io  0x4100-0x410f] claimed by PIIX4 SMB
[    2.663689] ACPI: PCI Interrupt Link [LNKA] (IRQs 5 9 10 *11)
[    2.806355] ACPI: PCI Interrupt Link [LNKB] (IRQs 5 9 *10 11)
[    2.943570] ACPI: PCI Interrupt Link [LNKC] (IRQs 5 *9 10 11)
[    3.093965] ACPI: PCI Interrupt Link [LNKD] (IRQs 5 9 10 *11)
[    3.246035] ACPI: Enabled 2 GPEs in block 00 to 07
[    3.331068] vgaarb: setting as boot device: PCI:0000:00:02.0
[    3.343161] vgaarb: device added: PCI:0000:00:02.0,decodes=io+mem,owns=io+mem,locks=none
[    3.344553] vgaarb: loaded
[    3.345134] vgaarb: bridge control possible 0000:00:02.0
[    3.346311] SCSI subsystem initialized
[    3.354105] ACPI: bus type USB registered
[    3.354839] usbcore: registered new interface driver usbfs
[    3.355708] usbcore: registered new interface driver hub
[    3.356562] usbcore: registered new device driver usb
[    3.357611] PCI: Using ACPI for IRQ routing
[    3.358609] NetLabel: Initializing
[    3.359241] NetLabel:  domain hash size = 128
[    3.359968] NetLabel:  protocols = UNLABELED CIPSOv4
[    3.360778] NetLabel:  unlabeled traffic allowed by default
[    3.367188] amd_nb: Cannot enumerate AMD northbridges
[    3.368051] clocksource: Switched to clocksource kvm-clock
[    3.376490] AppArmor: AppArmor Filesystem Enabled
[    3.382677] pnp: PnP ACPI init
[    3.383939] pnp: PnP ACPI: found 3 devices
[  3940]clksrc api_pm: mask: 0xffffff max_cycles: 0xffffff, max_id_n 25702 ns
[    4.125285] NET: Registered protocol family 2

[    4.126150] TCP established hash table entries: 16384 (order: 5, 131072 bytes)
[    4.127641] TCP bind hash table entries: 16384 (order: 6, 262144 bytes)
[    4.393014] TCP: Hash tables configured (established 16384 bind 16384)
[    4.394370] UDP hash table entries: 1024 (order: 3, 32768 bytes)
[    4.395675] UDP-Lite hash table entries: 1024 (order: 3, 32768 bytes)
[    4.397040] NET: Registered protocol family 1
[    4.398021] pci 0000:00:00.0: Limiting direct PCI/PCI transfers
[    4.399252] pci 0000:00:01.0: Activating ISA DMA hang workarounds
[    4.400746] Unpacking initramfs...
[    5.948210] Freeing initrd memory: 10792K
[    6.048803] RAPL PMU detected, API unit is 2^-32 Joules, 3 fixed counters 10737418240 ms ovfl timer
[    6.317849] hw unit of domain pp0-core 2^-0 Joules
[    6.341772] hw unit of domain package 2^-0 Joules
[    6.342569] hw unit of domain pp1-gpu 2^-0 Joules
[    6.343427] platform rtc_cmos: registered platform RTC device (no PNP device found)
[    6.344790] Scanning for low memory corruption every 60 seconds
[    6.346081] audit: initializing netlink subsys (disabled)
[    6.353061] audit: type=2000 audit(1516483738.249:1): initialized
[    6.354310] Initialise system trusted keyring
[    6.355252] HugeTLB registered 2 MB page size, pre-allocated 0 pages
[    6.357527] zbud: loaded
[    6.358261] VFS: Disk quotas dquot_6.6.0
[    6.368498] VFS: Dquot-cache hash table entries: 512 (order 0, 4096 bytes)
[    6.369731] squashfs: version 4.0 (2009/01/31) Phillip Lougher
[    6.371247] fuse init (API version 7.23)
[    6.411354] Key type big_key registered
[    6.437612] Allocating IMA MOK and blacklist keyrings.
[    6.446880] Key type asymmetric registered
[    6.481381] Asymmetric key parser 'x509' registered
[    6.493908] Block layer SCSI generic (bsg) driver version 0.4 loaded (major 249)
[    6.495343] io scheduler noop registered
[    6.516684] io scheduler deadline registered (default)
[    6.517564] io scheduler cfq registered
[    6.524524] pci_hotplug: PCI Hot Plug PCI Core version: 0.5
[    6.537235] pciehp: PCI Express Hot Plug Controller Driver version: 0.4
[    6.538377] ACPI: AC Adapter [AC] (on-line)
[    6.539169] input: Power Button as /devices/LNXSYSTM:00/LNXPWRBN:00/input/input0
[    6.540503] ACPI: Power Button [PWRF]
[    6.541227] input: Sleep Button as /devices/LNXSYSTM:00/LNXSLPBN:00/input/input1
[    6.542506] ACPI: Sleep Button [SLPF]
[    6.543378] GHES: HEST is not enabled!
[    6.543961] ACPI: Battery Slot [BAT0] (battery present)
[    6.549777] Serial: 8250/16550 driver, 32 ports, IRQ sharing enabled
ÿ[    6.749465] 00:02: ttyS0 at I/O 0x3f8 (irq = 4, base_baud = 115200) is a 16550A
[    6.859294] Linux agpgart interface v0.103
[    6.861521] loop: module loaded
[    6.862822] scsi host0: ata_piix
[    6.863613] scsi host1: ata_piix
[    6.864244] ata1: PATA max UDMA/33 cmd 0x1f0 ctl 0x3f6 bmdma 0xd000 irq 14
[    6.865306] ata2: PATA max UDMA/33 cmd 0x170 ctl 0x376 bmdma 0xd008 irq 15
[    6.866398] libphy: Fixed MDIO Bus: probed
[    6.867164] tun: Universal TUN/TAP device driver, 1.6
[    6.869582] tun: (C) 1999-2004 Max Krasnyansky <maxk@qualcomm.com>
[    6.870532] PPP generic driver version 2.4.2
[    6.871624] ehci_hcd: USB 2.0 'Enhanced' Host Controller (EHCI) Driver
[    6.882089] ehci-pci: EHCI PCI platform driver
[    6.885650] ehci-platform: EHCI generic platform driver
[    6.886471] ohci_hcd: USB 1.1 'Open' Host Controller (OHCI) Driver
[    6.892084] ohci-pci: OHCI PCI platform driver
[    6.899383] ohci-platform: OHCI generic platform driver
[    6.900237] uhci_hcd: USB Universal Host Controller Interface driver
[    6.901257] i8042: PNP: PS/2 Controller [PNP0303:PS2K,PNP0f03:PS2M] at 0x60,0x64 irq 1,12
[    6.903208] serio: i8042 KBD port at 0x60,0x64 irq 1
[    6.904019] serio: i8042 AUX port at 0x60,0x64 irq 12
[    6.905004] mousedev: PS/2 mouse device common for all mice
[    6.906307] rtc_cmos rtc_cmos: rtc core: registered rtc_cmos as rtc0
[    6.907357] rtc_cmos rtc_cmos: alarms up to one day, 114 bytes nvram
[    6.908373] i2c /dev entries drieer
[    7.141590] input: AT Translated Set 2 keyboard as /devices/platform/i8042/serio0/input/input2
[    7.282527] device-mapper: uevent: version 1.0.3
[    7.283349] device-mapper: ioctl: 4.34.0-ioctl (2015-10-28) initialised: dm-devel@redhat.com
[    7.284851] ledtrig-cpu: registered to indicate activity on CPUs
[    7.286420] NET: Registered protocol family 10
[    7.287395] NET: Registered protocol family 17
[    7.288159] Key type dns_resolver registered
[    7.289098] microcode: CPU0 sig=0x306a9, pf=0x2, revision=0x19
[    7.290022] microcode: CPU1 sig=0x306a9, pf=0x2, revision=0x19
[    7.371668] microcode: Microcode Update Driver: v2.01 <tigran@aivazian.fsnet.co.uk>, Peter Oruba
[    7.372666] tsc: Refined TSC clocksource calibration: 2395.599 MHz
[    7.372668] clocksource: tsc: mask: 0xffffffffffffffff max_cycles: 0x2287fa05803, max_idle_ns: 440795251821 ns
[    7.963688] registered taskstats version 1
[    7.964394] Loading compiled-in X.509 certificates
[    7.965887] Loaded X.509 cert 'Build time autogenerated kernel key: 96e61bd247bb6c4e82ca419795a98fcb171b0e99'
[    7.967443] zswap: loaded using pool lzo/zbud
[    7.970245] Key type trusted registered
[    7.975203] Key type encrypted registered
[    8.031902] AppArmor: AppArmor sha1 policy hashing enabled
[    8.032831] ima: No TPM chip found, activating TPM-bypass!
[    8.033736] evm: HMAC attrs: 0x1
[    8.034697]   Magic number: 2:626:500
[    8.035478] rtc_cmos rtc_cmos: setting system clock to 2018-01-20 21:28:58 UTC (1516483738)
[    8.037041] BIOS EDD facility v0.16 2004-Jun-25, 0 devices found
[    8.037978] EDD information not available.
[    8.039972] Freeing unused kernel memory: 1508K
[    8.041859] Write protecting the kernel read-only data: 14336k
[    8.043275] Freeing unused kernel memory: 1744K
[    8.044272] Freeing unused kernel memory: 108K
Loading, please wait...
starting version[    8.064271] random: systemd-udevd: uninitialized urandom read (16 bytes read, 3 bits of entropy available)
 229
[    8.064920] random: udevadm: uninitialized urandom read (16 bytes read, 3 bits of entropy available)
[    8.064952] random: udevadm: uninitialized urandom read (16 bytes read, 3 bits of entropy available)
[    8.078718] random: udevadm: uninitialized urandom read (16 bytes read, 3 bits of entropy available)
[    8.078772] random: udevadm: uninitialized urandom read (16 bytes read, 3 bits of entropy available)
[    8.078974] random: udevadm: uninitialized urandom read (16 bytes read, 3 bits of entropy available)
[    8.079058] random: udevadm: uninitialized urandom read (16 bytes read, 3 bits of entropy available)
[    8.079138] random: udevadm: uninitialized urandom read (16 bytes read, 3 bits of entropy available)
[    8.079218] random: udevadm: uninitialized urandom read (16 bytes read, 3 bits of entropy available)
[    8.079298] random: udevadm: uninitialized urandom read (16 bytes read, 3 bits of entropy available)
[    8.291268] e1000: Intel(R) PRO/1000 Network Driver - version 7.3.21-k8-NAPI
[    8.486691] e1000: Copyright (c) 1999-2006 Intel Corporation.
[    8.626473] Fusion MPT base driver 3.04.20
[    8.644484] Copyright (c) 1999-2008 LSI Corporation
[    8.657184] Fusion MPT SPI Host driver 3.04.20
[    8.674689] AVX version of gcm_enc/dec engaged.
[    8.674802] mptbase: ioc0: Initiating bringup
[    8.705877] AES CTR mode by8 optimization enabled
[    8.740249] ioc0: LSI53C1030 A0: Capabilities={Initiator}
[    8.856256] input: ImExPS/2 Generic Explorer Mouse as /devices/platform/i8042/serio1/input/input4
[    8.921454] scsi host2: ioc0: LSI53C1030 A0, FwRev=00000000h, Ports=1, MaxQ=256, IRQ=20
[    9.044467] scsi 2:0:0:0: Direct-Access     VBOX     HARDDISK         1.0  PQ: 0 ANSI: 5
[    9.113360] scsi target2:0:0: Beginning Domain Validation
[    9.115481] scsi target2:0:0: Domain Validation skipping write tests
[    9.351827] scsi target2:0:0: Ending Domain Validation
[    9.352844] scsi target2:0:0: asynchronous
[    9.354290] scsi 2:0:1:0: Direct-Access     VBOX     HARDDISK         1.0  PQ: 0 ANSI: 5
[    9.368178] scsi target2:0:1: Beginning Domain Validation
[    9.375159] scsi target2:0:1: Domain Validation skipping write tests
[    9.377265] scsi target2:0:1: Ending Domain Validation
[    9.378187] scsi target2:0:1: asynchronous
[    9.397178] sd 2:0:0:0: Attached scsi generic sg0 type 0
[    9.530320] sd 2:0:0:0: [sda] 20971520 512-byte logical blocks: (10.7 GB/10.0 GiB)
[    9.680533] sd 2:0:1:0: Attached scsi generic sg1 type 0
[    9.684382] e1000 0000:00:03.0 eth0: (PCI:33MHz:32-bit) 02:38:07:4c:82:85
[    9.684389] e1000 0000:00:03.0 eth0: Intel(R) PRO/1000 Network Connection
[    9.685191] sd 2:0:1:0: [sdb] 20480 512-byte logical blocks: (10.5 MB/10.0 MiB)
[    9.711953] sd 2:0:0:0: [sda] Write Protect is off
[    9.711994] sd 2:0:1:0: [sdb] Write Protect is off
[    9.712110] sd 2:0:1:0: [sdb] Incomplete mode parameter data
[    9.712112] sd 2:0:1:0: [sdb] Assuming drive cache: write through
[    9.718361] sd 2:0:0:0: [sda] Incomplete mode parameter data
[    9.722160] sd 2:0:0:0: [sda] Assuming drive cache: write through
[    9.764633]  sda: sda1
[    9.797723] sd 2:0:1:0: [sdb] Attached SCSI disk
[    9.801312] sd 2:0:0:0: [sda] Attached SCSI disk
[   10.037344] e1000 0000:00:08.0 eth1: (PCI:33MHz:32-bit) 08:00:27:a4:37:67
[   10.110159] e1000 0000:00:08.0 eth1: Intel(R) PRO/1000 Network Connection
[   10.114463] e1000 0000:00:03.0 enp0s3: renamed from eth0
[   10.132337] e1000 0000:00:08.0 enp0s8: renamed from eth1
[   11.308367] floppy0: no floppy controllers found
Begin: Loading e[   12.828988] md: linear personality registered for level -1
ssential drivers ... [   12.880377] md: multipath personality registered for level -4
[   12.939914] md: raid0 personality registered for level 0
[   12.981525] md: raid1 personality registered for level 1
[   13.056085] raid6: sse2x1   gen()  8655 MB/s
[   13.164088] raid6: sse2x1   xor()  7008 MB/s
[   13.264087] raid6: sse2x2   gen() 11126 MB/s
[   13.424088] raid6: sse2x2   xor()  7788 MB/s
[   13.540068] raid6: sse2x4   gen() 12884 MB/s
[   13.692082] raid6: sse2x4   xor()  9510 MB/s
[   13.721577] raid6: using algorithm sse2x4 gen() 12884 MB/s
[   13.769794] raid6: .... xor() 9510 MB/s, rmw enabled
[   13.811537] raid6: using ssse3x2 recovery algorithm
[   13.862361] xor: automatically using best checksumming function:
[   13.934515]    avx       : 56435.000 MB/sec
[   13.939455] async_tx: api initialized (async)
[   13.951036] md: raid6 personality registered for level 6
[   13.997604] md: raid5 personality registered for level 5
[   14.009017] md: raid4 personality registered for level 4
[   14.016201] md: raid10 personality registered for level 10
done.
Begin: Running /scripts/init-premount ... done.
Begin: Mounting root file system ... Begin: Running /scripts/local-top ... done.
Begin: Running /scripts/local-premount ... [   14.064371] Btrfs loaded
Scanning for Btrfs filesystems
done.
Warning: fsck nottpresent, so skipping root file[   14.204934] EXT4-fs (sda1): mounted filesystem with ordered data mode. Opts: (null)
 system
done.
Begin: Running /scripts/local-bottom ... done.
Begin: Running /scripts/init-bottom ... done.
[   15.275486] systemd[1]: systemd 229 running in system mode. (+PAM +AUDIT +SELINUX +IMA +APPAROOR +SMACK +SYSVINTT +UTMP +LIBCRYPTSETUP +GCRYPT +GNUTLS +ACL +XZ -LZ4 +SECCOMP +BLKID +ELFUTILS +KMOD -IDN)
[   16.202943] systemd[1]: Detected virtualization oracle.
[   16.213034] systemd[1]: Detected architecture x86-64.

Welcome to [1mUbuntu 16.04.3 LTS[0m!

[   16.289244] systemd[1]: Set hostname to <ubuntu>.
[   16.804237] systemd[1]: Initializing machine ID from random generator.
[   16.862164] systemd[1]: Installed transient /etc/machine-id file.
[   16.877911] random: nonblocking pool is initialized
[   18.365875] systemd[1]: Started Forward Password Requests to Wall Directory Watch.
[[0;32m  OK  [0m] Started Forward Password Requests to Wall Directory Watch.
[   18.384771] systemd[1]: Started Trigger resolvconf update for networkd DNS.
[[0;32m  OK  [0m] Started Trigger resolvconf update for networkd DNS.
[   18.388290] systemd[1]: Reached target Swap.
[[0;32m  OK  [0m] Reached target Swap.
[   18.396307] systemd[1]: Reached target User and Group Name Lookups.
[[0;32m  OK  [0m] Reached target User and Group Name Lookups.
[   18.515057] systemd[1]: Listening on Journal Audit Socket.
[[0;32m  OK  [0m] Listening on Journal Audit Socket.
[   18.517094] systemd[1]: Listening on LVM2 metadata daemon socket.
[[0;32m  OK  [0m] Listening on LVM2 metadata daemon socket.
[   18.612897] systemd[1]: Listening on Device-mapper event daemon FIFOs.
[[0;32m  OK  [0m] Listening on Device-mapper event daemon FIFOs.
[   18.633323] systemd[1]: Liseening on LVM2 poll daemon socket.
[[0;32m  OK  [0m] Listening on LVM2 poll daemon socket.
[   19.205317] systemd[1]: Created slice System Slice.
[[0;32m  OK  [0m] Created slice System Slice.
[   19.237398] systemd[1]: Created slice system-serial\x2dgetty.slice.
[[0;32m  OK  [0m] Created slice system-serial\x2dgetty.slice.
[   19.744792] systemd[1]: Created slice User and Session Slice.
[[0;32m  OK  [0m] Created slice User and Session Slice.
[   19.793529] systemd[1]: Reached target Encrypted Volumes.
[[0;32m  OK  [0m] Reached target Encrypted Volumes.
[   19.795914] systemd[1]: Listening on udev Control Socket.
[[0;32m  OK  [0m] Listening on udev Control Socket.
[   19.798217] systemd[1]: Reached target Slices.
[[0;32m  OK  [0m] Reached target Slices.
[   19.800267] systemd[1]: Listening on Syslog Socket.
[[0;32m  OK  [0m] Listening on Syslog Socket.
[   19.802510] systemd[1]: Listening on udev Kernel Socket.
[[0;32m  OK  [0m] Listening on udev Kernel Socket.
[   19.806210] systemd[1]: Set up automount Arbitrary Executable File Formats File System Automount Point.
[[0;32m  OK  [0m] Set up automount Arbitrary Executab...ats File System Automount Point.
[   19.809636] systemd[1]: Listening on Journal Socket.
[[0;32m  OK  [0m] Listening on Journal Socket.
[   19.824257] systemd[1]: Mounting Huge Pages File System...
         Mounting Huge Pages File System...
[   19.864120] systemd[1]: Starting Monitoring of LVM2 mirrors, snapshots etc. using dmeventd or progress polling...
         Starting Monitoring of LVM2 mirrors... dmeventd or progress polling...
[   19.868083] systemd[1]: Starting Create list of required static device nodes for the current kernel...
         Starting Create list of required st... nodes for the current kernel...
[   19.924350] systemd[1]: Starting Remount Root and Kernel File Systems...
[   19.952864] EXT4-fs (sda1): re-mounted. Opts: (null)
         Starting Remount Root and Kernel File Systems...
[   20.084781] systemd[1]: Starting Uncomplicated firewall...
         Starting Uncomplicated firewall...
[   20.087256] systemd[1]: Mounting Debug File System...
         Mounting Debug File System...
[   20.089583] systemd[1]: Starting Set console keymap...
         Starting Set console keymap...
[   20.128281] systemd[1]: Starting Nameserver information manager...
         Starting Nameserver information manager...
[   20.195233] systemd[1]: Mounting POSIX Message Queue File System...
         Mounting POSIX Message Queue File System...
[   20.224365] systemd[1]: Starting Load Kernel Modules...
         Starting Load Kernel Modules...
[   20.274489] systemd[1]: Listening on /dev/initctl Compatibility Named Pipe.
[[0;32m  OK  [0m] Listening on /dev/initctl Compatibility Named Pipe.
[   20.308620] systemd[1]: Listening on Journal Socket (/dev/log).
[   20.508747] Loading iSCSI transport class v2.0-870.
[[0;32m  OK  [0m] Listening on Journal Socket (/dev/log).
[   20.540417] systemd[1]: Starting Journal Service...
          tarting Journal Service...
[   20.589658] systemd[1]: Mounted POSIX Message Queue File System.
[[   20.765418] iscsi: registered transport (tcp)
[0;32m  OK  [0m] Mounted POSIX Message Queue File System.
[   20.769480] systemd[1]: Mounted Huge Pages File System.
[[0;32m  OK  [0m] Mounted Huge Pages File System.
[   20.771168] systemd[1]: Mounted Debug File System.
[[0;32m  OK  [0m] Mounted Debug File System.
[   20.773582] systemd[1]: Started Create list of required static device nodes for the current kernel.
[[0;32m  OK  [0m] Started Create list of required sta...ce nodes for the current kernel.
[   20.777076] systemd[1]: Started Remount Root and Kernel File Systems.
[[0;32m  OK  [0m] Started Remount Root and Kernel File Systems.
[   20.779606] systemd[1]: Started Uncomplicated firewall.
[[0;32m  OK  [0m] Started Uncomplicated firewall.
[   20.792991] systemd[1]: Started Set console keymap.
[[0;32m  OK  [0m] Started Set console keymap.
[   20.881304] systemd[1]: Started LVM2 metadata daemon.
[[0;32m  OK  [0m] Started LVM2 metadata daemon.
[   21.136553] systemd[1]: Starting Load/Save Random Seed...
         Startin[   21.345324] iscsi: registered transport (iser)
g Load/Save Random Seed...
[   21.591959] systemd[1]: Starting Initial cloud-init job (pre-networking)...
         Starting Initial cloud-init job (pre-networking)...
[   21.660337] systemd[1]: Starting udev Coldplug all Devices...
         Starting udev Coldplug all Devices...
[   21.787156] systemd[1]: Starting Create Static Device Nodes in /dev...
         Starting Create Static Device Nodes in /dev...
[   21.789348] systemd[1]: Started Journal Service.
[[0;32m  OK  [0m] Started Journal Service.
[[0;32m  OK  [0m] Started Load Kernel Modules.
[[0;32m  OK  [0m] Started Nameserver information manager.
[[0;32m  OK  [0m] Started Load/Save Random Seed.
         Starting Apply Kernel Variables...
         Mounting FUSE Control File System...
         Starting Flush Journal to Persistent Storage...
[[0;32m  OK  [0m] Mounted FUSE Control File System.
[[0;32m  OK  [0m] Started udev Coldplug all Devices.
[[0;32m  OK  [0m] Started Monitoring of LVM2 mirrors,...ng dmeventd or progress polling.
[   22.122702] systemd-journald[404]: Received request to flush runtime journal from PID 1
[[0;32m  OK  [0m] Started Flush Journal to Persistent Storage.
[[0;32m  OK  [0m] Started Apply Kernel Variables.
[[0;32m  OK  [0m] Started Create Static Device Nodes in /dev.
         Starting udev Kernel Device Manager...
[[0;32m  OK  [0m] Started udev Kernel Device Manager.
[[0;32m  OK  [0m] Reached target Local File Systems (Pre).
[[0;32m  OK  [0m] Reached target Local File Systems.
         Starting LSB: AppArmor initialization...
         Starting Set console font and keymap...
         Starting Tell Plymouth To Write Out Runtime Data...
         Starting Create Volatile Files and Directories...
         Starting Commit a transient machine-id on disk...
[[0;32m  OK  [0m] Started Dispatch Password Requests to Console Directory Watch.
[[0;32m  OK  [0m] Started Tell Plymouth To Write Out Runtime Data.
[[0;32m  OK  [0m] Started Create Volatile Files and Directories.
[[0;32m  OK  [0m] Started Commit a transient machine-id on disk.
[[0;32m  OK  [0m] Found device /dev/ttyS0.
         Starting Update UTMP about System Boot/Shutdown...
[[0;32m  OK  [0m] Reached target System Time Synchronized.
[[0;32m  OK  [0m] Started Update UTMP about System Boot/Shutdown.
[[0;32m  OK  [0m] Listening on Load/Save RF Kill Switch Status /dev/rfkill Watch.
[[0;32m  OK  [0m] Started Set console font and keymap.
[[0;32m  OK  [0m] Created slice system-getty.slice.
[[0;32m  OK  [0m] Started LSB: AppArmor initialization.
[   25.575558] cloud-init[425]: Cloud-init v. 17.1 running 'init-local' at Sat, 20 Jan 2018 21:29:18 +0000. Up 24.95 seconds.
[[0;32m  OK  [0m] Started Initial cloud-init job (pre-networking).
[[0;32m  OK  [0m] Reached target Network (Pre).
         Starting Raise network interfaces...
[[0;32m  OK  [0m] Started Raise network interfaces.
[[0;32m  OK  [0m] Reached target Network.
         Starting Initial cloud-init job (metadata service crawler)...
[   27.949332] cloud-init[948]: Cloud-init v. 17.1 running 'init' at Sat, 20 Jan 2018 21:29:19 +0000. Up 26.41 seconds.
[   28.092609] [cloud-init[0;32m  OK  [0m[948]: ] ci-info: +++++++++++++++++++++++++++++++++++++Net device info++++++++++++++++++++++++++++++++++++++Started Initial cloud-init job (metadata service crawler).

[   28.092936] cloud-init[948]: ci-info: +--------+-------+---------------------------+---------------+-------+-------------------+
[   28.352548] [cloud-init[0;32m  OK  [0m[948]: ] ci-info: | Device |   Up  |          Address          |      Mask     | Scope |     Hw-Address    |Reached target Network is Online.

[   28.480591]          cloud-initStarting iSCSI initiator daemon (iscsid)...[948]: 
ci-info: +--------+-------+---------------------------+---------------+-------+-------------------+
[   28.644706] [cloud-init[0;32m  OK  [0m[948]: ] ci-info: | enp0s3 |  True |         10.0.2.15         | 255.255.255.0 |   .   | 02:38:07:4c:82:85 |Reached target Cloud-config availability.

[   28.722708] [cloud-init[0;32m  OK  [0m[948]: ] ci-info: | enp0s3 |  True | fe80::38:7ff:fe4c:8285/64 |       .       |  link | 02:38:07:4c:82:85 |Reached target System Initialization.

[[0;32m  OK  [0m] Listening on ACPID Listen Socket.
[[0;32m  OK  [0m] Started Daily Cleanup of Temporary Directories.
         Starting Socket activation for snappy daemon.
[[0;32m  OK  [0m] Listening on D-Bus System Message Bus Socket.
[   28.723529] cloud-init[948]: ci-info: | enp0s8 | False |             .             |       .       |   .   | 08:00:27:a4:37:67 |
[   28.764622] [cloud-init[0;32m  OK  [0m[948]: ] ci-info: |   lo   |  True |         127.0.0.1         |   255.0.0.0   |   .   |         .         |Started ACPI Events Check.

[   28.768869] [cloud-init[0;32m  OK  [0m[948]: ] ci-info: |   lo   |  True |          ::1/128          |       .       |  host |         .         |Reached target Paths.

[   28.769469] [[0;32m  OK  [0m] Listening on UUID daemon activation socket.
[[0;32m  OK  [0m] Started Daily apt download activities.
cloud-init[[0;32m  OK  [0m] Started Timer to automatically refresh installed snaps.
[[0;32m  OK  [0m] Started Daily apt upgrade and clean activities.
[[0;32m  OK  [0m] Reached target Timers.
[948]: ci-info: +--------+-------+---------------------------+---------------+-------+-------------------+
[   28.780588] cloud-init[948]: ci-info: +++++++++++++++++++++++++++Route IPv4 info++++++++++++++++++++++++++++
[   28.785698] cloud-init[948]: ci-info: +-------+-------------+----------+---------------+-----------+-------+
[   28.788120] cloud-init[948]: ci-info: | Route | Destination | Gateway  |    Genmask    | Interface | Flags |
[   28.871642]          Starting LXD - unix socket.
cloud-init[948]: ci-info: +-------+-------------+----------+---------------+-----------+-------+
[   28.989388] [cloud-init[0;32m  OK  [0m[948]: ] ci-info: |   0   |   0.0.0.0   | 10.0.2.2 |    0.0.0.0    |   enp0s3  |   UG  |Listening on Socket activation for snappy daemon.

[[0;32m  OK  [0m] Listening on LXD - unix socket.
[   28.995845] cloud-init[948]: ci-info: |   1   |   10.0.2.0  | 0.0.0.0  | 255.255.255.0 |   enp0s3  |   U   |
[   29.001805] [[0;32m  OK  [0m] Started iSCSI initiator daemon (iscsid).
cloud-init[948]: ci-info: +-------+-------------+----------+---------------+-----------+-------+
[   29.007349] cloud-init[948]: Generating public/private rsa key pair.
[   29.010057] cloud-init[948]: Your identification has been saved in /etc/ssh/ssh_host_rsa_key.
[   29.014419] cloud-init[948]: Your public key has been saved in /etc/ssh/ssh_host_rsa_key.pub.
[   29.018218] cloud-init[948]: The key fingerprint is:
[   29.021140] cloud-init[948]: SHA256:QCDnTnUndtECw6QPZ6ezASuRiSCx/DN6Qj4Fvq9lEpo root@ubuntu-xenial
[   29.024242] cloud-init[948]: The key's randomart image is:
[   29.026580] cloud-init[948]: +---[RSA 2048]----+
[   29.029334] cloud-init[948]: |+.. o.ooB.+o     |
[   29.031471] cloud-init         Starting Login to default iSCSI targets...
[[0;32m  OK  [0m] Reached target Sockets.
[948]: [[0;32m  OK  [0m] Reached target Basic System.
|oo = = +.=. .    |
[   29.036349] cloud-init[948]: |.o. * = o ..     |
[   29.039654] cloud-init[948]: |. oo . O o       |
[   29.042245] cloud-init[948]: | + =o . S        |
[   29.046372]          cloud-initStarting Pollinate to seed the pseudo random number generator...[948]: 
|+.= o.   +       |
[   29.057200] [[0;32m  OK  [0m] Started Unattended Upgrades Shutdown.
cloud-init[[0;32m  OK  [0m] Started FUSE filesystem for LXC.
[948]: |EB +    .        |         Starting Accounts Service...

[   29.060330] cloud-init[948]: |  O              |
[   29.065655] cloud-init[948]: | ...             |
[   29.065861] cloud-init[948]: +----[SHA256]-----+
         Starting LXD - container startup/shutdown...
[   29.066033] cloud-init[948]: Generating public/private dsa key pair.
[   29.072925] cloud-init[948]: Your identification has been saved in /etc/ssh/ssh_host_dsa_key.
[   29.075147] cloud-init[948]: Your public key has been saved in /etc/ssh/ssh_host_dsa_key.pub.
[   29.075372] cloud-init[948]: The key fingerprint is:
[[0;32m  OK  [0m] Started Deferred execution scheduler.
[   29.075545] cloud-init[948]: SHA256:hyaCswzzs93LKXi+dkBk24S19/yU8FU/x0MfZzbPWF4 root@ubuntu-xenial
[   29.082062] cloud-init[948]: The key's randomart image is:
[   29.083122] cloud-init[948]: +---[DSA 1024]----+
         Starting /etc/rc.local Compatibility...
[   29.084270] cloud-init[948]: |     o.        +E|
[   29.092120] cloud-init[948]: |    + ..      .XO|
[   29.092314] cloud-init[948]: |   o +. . .   ooO|
         Starting System Logging Service...
[   29.092481] cloud-init[948]: |   .o .. + o o  +|
[   29.096435] cloud-init[948]: |o o.. . S + +    |
[   29.097439] cloud-init[948]: | = o.. o . o     |
[   29.098450] cloud-init[948]: |  =. .      .    |
[   29.099428] cloud-init[948]: |  .++o..         |
[   29.100440] cloud-init[948]: |  .+++=.         |
[   29.101434] cloud-init[948]: +----[SHA256]-----+
[   29.102417] cloud-init[948]: Generating public/private ecdsa key pair.
[   29.103660] cloud-init[948]: Your identification has been saved in /etc/ssh/ssh_host_ecdsa_key.
[   29.105225] cloud-init[948]: Your public key has been saved in /etc/ssh/ssh_host_ecdsa_key.pub.
[   29.106708] cloud-init[948]: The key fingerprint is:
[   29.107725] cloud-init[948]: SHA256:a6NSWmoYq2MnFwsDeUVB+11EwwUL07Dz46tJ7k+P83s root@ubuntu-xenial
[   29.109689] cloud-init[948]: The key's randomart image is:
[   29.136280] [cloud-init[0;32m  OK  [0m[948]: ] +---[ECDSA 256]---+Started Regular background program processing daemon.

         Starting Login Service...
[   29.139929]          cloud-initStarting LSB: Record successful boot for GRUB...[948]: 
|   o+.  +==o.    |
[   29.149882] [[0;32m  OK  [0m] Started D-Bus System Message Bus.
cloud-init[948]: |    ..   =oo     |
[   29.151705] cloud-init[948]: | . ..   o o      |
[   29.153784] cloud-init[948]: |o .  . . +       |
[   29.155046] cloud-init[948]: |..    . S o      |
[   29.156296] cloud-init[948]: | o..  o  o .     |
[   29.158361] cloud-init[948]: |  o+o=  = o      |
[   29.160639] cloud-init[948]: |.oo+=  = +.+  E  |
[   29.161867] cloud-init[948]: |oo+. ...=o+o+o   |
[   29.164168] cloud-init[948]: +----[SHA256]-----+
[   29.200314] cloud-init[948]: Generating public/private ed25519 key pair.
[   29.211013] cloud-init[948]: Your identification has been saved in /etc/ssh/ssh_host_ed25519_key.
[   29.212437] cloud-init[948]: Your public key has been saved in /etc/ssh/ssh_host_ed25519_key.pub.
[   29.213807] cloud-init[948]: The key fingerprint is:
[   29.214906] cloud-init[948]: SHA256:Aadic9Vpx52YLdoJfpF8BXhAK1U7KDml4peyIa27bx4 root@ubuntu-xenial
[   29.216313] cloud-init[948]: The key's randomart image is:
[   29.217562] cloud-init[948]: +--[ED25519 256]--+
[   29.218603] cloud-init[948]: |      . o. ==Xo+.|
[   29.219629] cloud-init[948]: |       =  ==@o*. |
[   29.220681] cloud-init[948]: |    + o oo*=o*o  |
[   29.221742] cloud-init[948]: |   . + o oo=+  . |
[   29.223707] cloud-init[948]: |      . S o.     |
[   29.224799] cloud-init[948]: |       o =       |
[   29.225831] cloud-init[948]: |      . E        |
[   29.260932] cloud-init[948]: |       ...       |
[   29.304418] cloud-init[948]: |      o=o        |
[   29.356441] cloud-init[948]: +----[SHA256]-----+
         Starting Apply the settings specified in cloud-config...
         Starting LSB: MD monitoring daemon...
[[0;32m  OK  [0m] Started ACPI event daemon.
         Starting Snappy daemon...
[[0;32m  OK  [0m] Started System Logging Service.
[[0;32m  OK  [0m] Started /etc/rc.local Compatibility.
[[0;32m  OK  [0m] Started Login Service.
         Starting Authenticate and Authorize Users to Run Privileged Tasks...
[[0;32m  OK  [0m] Started Login to default iSCSI targets.
[[0;32m  OK  [0m] Started LSB: MD monitoring daemon.
[[0;32m  OK  [0m] Reached target Remote File Systems (Pre).
[[0;32m  OK  [0m] Reached target Remote File Systems.
         Starting LSB: VirtualBox Linux Additions...
         Starting LSB: automatic crash report generation...
         Starting LSB: Set the CPU Frequency Scaling governor to "ondemand"...
         Starting LSB: daemon to balance interrupts for SMP systems...
         Starting Permit User Sessions...
[[0;32m  OK  [0m] Started LSB: Record successful boot for GRUB.
[[0;32m  OK  [0m] Started LSB: Set the CPU Frequency Scaling governor to "ondemand".
[[0;32m  OK  [0m] Started Permit User Sessions.
         Starting Hold until boot process finishes up...
         Starting Terminate Plymouth Boot Screen...
[[0;32m  OK  [0m] Started LSB: automatic crash report generation.
[[0;32m  OK  [0m] Started LSB: daemon to balance interrupts for SMP systems.
[[0;32m  OK  [0m] Started Hold until boot process finishes up.
[[0;32m  OK  [0m] Started Terminate Plymouth Boot Screen.
[[0;32m  OK  [0m] Started Authenticate and Authorize Users to Run Privileged Tasks.
[[0;32m  OK  [0m] Started Accounts Service.
[[0;32m  OK  [0m] Started Getty on tty1.
         Starting Set console scheme...
[[0;32m  OK  [0m] Started Serial Getty on ttyS0.
[[0;32m  OK  [0m] Reached target Login Prompts.
[[0;32m  OK  [0m] Started Set console scheme.
[   32.081439] cloud-init[1129]: Generating locales (this might take a while)...
[[0;32m  OK  [0m] Started LSB: VirtualBox Linux Additions.
[[0;32m  OK  [0m] Started Pollinate to seed the pseudo random number generator.
         Starting OpenBSD Secure Shell server...
[[0;32m  OK  [0m] Started LXD - container startup/shutdown.
[[0;32m  OK  [0m] Started OpenBSD Secure Shell server.
[[0;32m  OK  [0m] Created slice User Slice of vagrant.
         Starting User Manager for UID 1000...
[[0;32m  OK  [0m] Started Session 1 of user vagrant.
[   34.209788] cloud-init[1129]:   en_US.UTF-8... done
[   34.264472] cloud-init[1129]: Generation complete.
[[0;32m  OK  [0m] Started User Manager for UID 1000.
[[0;32m  OK  [0m] Started Snappy daemon.
[[0;32m  OK  [0m] Reached targee Multi-User System.
[[0;32m  OK  [0m] Reached target Graphical Interface.
         Starting Update UTMP about System Runlevel Changes...
[[0;32m  OK  [0m] Started Update UTMP about System Runlevel Changes.
[   37.710190] cloud-init[1129]: Cloud-init v. 17.1 running 'modules:config' at Sat, 20 Jan 2018 21:29:24 +0000. Up 30.87 seconds.

Ubuntu 16.04.3 LTS ubuntu-xenial ttyS0

ubuntu-xenial login: ci-info: no authorized ssh keys fingerprints found for user ubuntu.
<14>Jan 20 21:29:31 ec2: 
<14>Jan 20 21:29:31 ec2: #############################################################
<14>Jan 20 21:29:31 ec2: -----BEGIN SSH HOST KEY FINGERPRINTS-----
<14>Jan 20 21:29:31 ec2: 1024 SHA256:hyaCswzzs93LKXi+dkBk24S19/yU8FU/x0MfZzbPWF4 root@ubuntu-xenial (DSA)
<14>Jan 20 21:29:31 ec2: 256 SHA256:a6NSWmoYq2MnFwsDeUVB+11EwwUL07Dz46tJ7k+P83s root@ubuntu-xenial (ECDSA)
<14>Jan 20 21:29:31 ec2: 256 SHA256:Aadic9Vpx52YLdoJfpF8BXhAK1U7KDml4peyIa27bx4 root@ubuntu-xenial (ED25519)
<14>Jan 20 21:29:31 ec2: 2048 SHA256:QCDnTnUndtECw6QPZ6ezASuRiSCx/DN6Qj4Fvq9lEpo root@ubuntu-xenial (RSA)
<14>Jan 20 21:29:31 ec2: -----END SSH HOST KEY FINGERPRINTS-----
<14>Jan 20 21:29:31 ec2: #############################################################
-----BEGIN SSH HOST KEY KEYS-----
ecdsa-sha2-nistp256 AAAAE2VjZHNhLXNoYTItbmlzdHAyNTYAAAAIbmlzdHAyNTYAAABBBJ5kVZ+7mOoarOaI/9WmDr/CxUUiGU6OsR1viVrR/G2IC+2u5Xe+on/fQs0IztWtfmDWjL0dqPxSGIz0Ui45A+w= root@ubuntu-xenial
ssh-ed25519 AAAAC3NzaC1lZDI1NTE5AAAAIIMyu9NytMfVfUoYVaZh4uzroq8TTHwAxeYcpoXE3N5A root@ubuntu-xenial
ssh-rsa AAAAB3NzaC1yc2EAAAADAQABAAABAQC0pS31qwqbRddxUC63Tbh0n6lKB+ioL6zB0a8Cqy7t4IjCK5ujf5Y2KTwVkgjMjIHwj9bnMD3K1Pk+hTdUETwR5X0F63ATTdePvyNCjQScGuwWwsIh6DeSN2NoShxQiT5/6OusGoq7c4ZqifUwdWKv5NR0GzzBSCxtJHTIC/4lQn9Sw0Woj7IJ0Es49Are3MXmbjhd9c6XnG7KYk2RYj/JxmOceGv/Ta2k4BcO8b0tAXgN2F5xhRjE6ZWlkyGqhtIPa/uMtKb0aSTGjXN5/q+HZlyh9bUfFyrwjic4hh8jBpsZTFySt+JHKO+IuUsFyxM+7Cvj5WOaT3+UcxnOfoXv root@ubuntu-xenial
-----END SSH HOST KEY KEYS-----
[   38.354477] cloud-init[1454]: Cloud-init v. 17.1 running 'modules:final' at Sat, 20 Jan 2018 21:29:31 +0000. Up 38.08 seconds.
[   38.354734] cloud-init[1454]: ci-info: no authorized ssh keys fingerprints found for user ubuntu.
[   38.354908] cloud-init[1454]: Cloud-init v. 17.1 finished at Sat, 20 Jan 2018 21:29:31 +0000. Datasource DataSourceNoCloud [seed=/dev/sdb][dsmode=net].  Up 38.34 seconds
