[    0.000000] Initializing cgroup subsys cpuset
[    0.000000] Initializing cgroup subsys cpu
[    0.000000] Initializing cgroup subsys cpuacct
[    0.000000] Linux version 4.4.0-109-generic (buildd@lgw01-amd64-038) (gcc version 5.4.0 20160609 (Ubuntu 5.4.0-6ubuntu1~16.04.5) ) #132-Ubuntu SMP Tue Jan 9 19:52:39 UTC 2018 (Ubuntu 4.4.0-109.132-generic 4.4.98)
[    0.000000] Command line: BOOT_IMAGE=/boot/vmlinuz-4.4.0-109-generic root=LABEL=cloudimg-rootfs ro console=tty1 console=ttyS0
[    0.000000] KERNEL supported cpus:
[    0.000000]   Intel GenuineIntel
[    0.000000]   AMD AuthenticAMD
[    0.000000]   Centaur CentaurHauls
[    0.000000] x86/fpu: xstate_offset[2]:  576, xstate_sizes[2]:  256
[    0.000000] x86/fpu: Supporting XSAVE feature 0x01: 'x87 floating point registers'
[    0.000000] x86/fpu: Supporting XSAVE feature 0x02: 'SSE registers'
[    0.000000] x86/fpu: Supporting XSAVE feature 0x04: 'AVX registers'
[    0.000000] x86/fpu: Enabled xstate features 0x7, context size is 832 bytes, using 'standard' format.
[    0.000000] x86/fpu: Using 'lazy' FPU context switches.
[    0.000000] e820: BIOS-provided physical RAM map:
[    0.000000] BIOS-e820: [mem 0x0000000000000000-0x000000000009fbff] usable
[    0.000000] BIOS-e820: [mem 0x000000000009fc00-0x000000000009ffff] reserved
[    0.000000] BIOS-e820: [mem 0x00000000000f0000-0x00000000000fffff] reserved
[    0.000000] BIOS-e820: [mem 0x0000000000100000-0x000000005f3effff] usable
[    0.000000] BIOS-e820: [mem 0x000000005f3f0000-0x000000005f3fffff] ACPI data
[    0.000000] BIOS-e820: [mem 0x00000000fec00000-0x00000000fec00fff] reserved
[    0.000000] BIOS-e820: [mem 0x00000000fee00000-0x00000000fee00fff] reserved
[    0.000000] BIOS-e820: [mem 0x00000000fffc0000-0x00000000ffffffff] reserved
[    0.000000] NX (Execute Disable) protection: active
[    0.000000] SMBIOS 2.5 present.
[    0.000000] Hypervisor detected: KVM
[    0.000000] e820: last_pfn = 0x5f3f0 max_arch_pfn = 0x400000000
[    0.000000] MTRR: Disabled
[    0.000000] x86/PAT: MTRRs disabled, skipping PAT initialization too.
[    0.000000] CPU MTRRs all blank - virtualized system.
[    0.000000] x86/PAT: Configuration [0-7]: WB  WT  UC- UC  WB  WT  UC- UC  
[    0.000000] found SMP MP-table at [mem 0x0009fff0-0x0009ffff] mapped at [ffff88000009fff0]
[    0.000000] Scanning 1 areas for low memory corruption
[    0.000000] RAMDISK: [mem 0x36adc000-0x37565fff]
[    0.000000] ACPI: Early table checksum verification disabled
[    0.000000] ACPI: RSDP 0x00000000000E0000 000024 (v02 VBOX  )
[    0.000000] ACPI: XSDT 0x000000005F3F0030 00003C (v01 VBOX   VBOXXSDT 00000001 ASL  00000061)
[    0.000000] ACPI: FACP 0x000000005F3F00F0 0000F4 (v04 VBOX   VBOXFACP 00000001 ASL  00000061)
[    0.000000] ACPI: DSDT 0x000000005F3F0470 0021FF (v02 VBOX   VBOXBIOS 00000002 INTL 20140214)
[    0.000000] ACPI: FACS 0x000000005F3F0200 000040
[    0.000000] ACPI: FACS 0x000000005F3F0200 000040
[    0.000000] ACPI: APIC 0x000000005F3F0240 00005C (v02 VBOX   VBOXAPIC 00000001 ASL  00000061)
[    0.000000] ACPI: SSDT 0x000000005F3F02A0 0001CC (v01 VBOX   VBOXCPUT 00000002 INTL 20140214)
[    0.000000] No NUMA configuration found
[    0.000000] Faking a node at [mem 0x0000000000000000-0x000000005f3effff]
[    0.000000] NODE_DATA(0) allocated [mem 0x5f3eb000-0x5f3effff]
[    0.000000] kvm-clock: Using msrs 4b564d01 and 4b564d00
[    0.000000] kvm-clock: cpu 0, msr 0:5f3e3001, primary cpu clock
[    0.000000] kvm-clock: using sched offset of 3247894871 cycles
[    0.000000] clocksource: kvm-clock: mask: 0xffffffffffffffff max_cycles: 0x1cd42e4dffb, max_idle_ns: 881590591483 ns
[    0.000000] Zone ranges:
[    0.000000]   DMA      [mem 0x0000000000001000-0x0000000000ffffff]
[    0.000000]   DMA32    [mem 0x0000000001000000-0x000000005f3effff]
[    0.000000]   Normal   empty
[    0.000000]   Device   empty
[    0.000000] Movable zone start for each node
[    0.000000] Early memory node ranges
[    0.000000]   node   0: [mem 0x0000000000001000-0x000000000009efff]
[    0.000000]   node   0: [mem 0x0000000000100000-0x000000005f3effff]
[    0.000000] Initmem setup node 0 [mem 0x0000000000001000-0x000000005f3effff]
[    0.000000] ACPI: PM-Timer IO Port: 0x4008
[    0.000000] IOAPIC[0]: apic_id 2, version 32, address 0xfec00000, GSI 0-23
[    0.000000] ACPI: INT_SRC_OVR (bus 0 bus_irq 0 global_irq 2 dfl dfl)
[    0.000000] ACPI: INT_SRC_OVR (bus 0 bus_irq 9 global_irq 9 low level)
[    0.000000] Using ACPI (MADT) for SMP configuration information
[    0.000000] smpboot: Allowing 2 CPUs, 0 hotplug CPUs
[    0.000000] PM: Registered nosave memory: [mem 0x00000000-0x00000fff]
[    0.000000] PM: Registered nosave memory: [mem 0x0009f000-0x0009ffff]
[    0.000000] PM: Registered nosave memory: [mem 0x000a0000-0x000effff]
[    0.000000] PM: Registered nosave memory: [mem 0x000f0000-0x000fffff]
[    0.000000] e820: [mem 0x5f400000-0xfebfffff] available for PCI devices
[    0.000000] Booting paravirtualized kernel on KVM
[    0.000000] clocksource: refined-jiffies: mask: 0xffffffff max_cycles: 0xffffffff, max_idle_ns: 7645519600211568 ns
[    0.000000] setup_percpu: NR_CPUS:512 nr_cpumask_bits:512 nr_cpu_ids:2 nr_node_ids:1
[    0.000000] PERCPU: Embedded 34 pages/cpu @ffff88005f000000 s99544 r8192 d31528 u1048576
[    0.000000] PV qspinlock hash table entries: 256 (order: 0, 4096 bytes)
[    0.000000] Built 1 zonelists in Node order, mobility grouping on.  Total pages: 383913
[    0.000000] Policy zone: DMA32
[    0.000000] Kernel command line: BOOT_IMAGE=/boot/vmlinuz-4.4.0-109-generic root=LABEL=cloudimg-rootfs ro console=tty1 console=ttyS0
[    0.000000] PID hash table entries: 4096 (order: 3, 32768 bytes)
[    0.000000] Memory: 1505548K/1560120K available (8485K kernel code, 1308K rwdata, 3988K rodata, 1508K init, 1316K bss, 54572K reserved, 0K cma-reserved)
[    0.000000] SLUB: HWalign=64, Order=0-3, MinObjects=0, CPUs=2, Nodes=1
[    0.000000] Kernel/User page tables isolation: enabled
[    0.000000] Hierarchical RCU implementation.
[    0.000000] 	Build-time adjustment of leaf fanout to 64.
[    0.000000] 	RCU restricting CPUs from NR_CPUS=512 to nr_cpu_ids=2.
[    0.000000] RCU: Adjusting geometry for rcu_fanout_leaf=64, nr_cpu_ids=2
[    0.000000] NR_IRQS:33024 nr_irqs:440 16
[    0.000000] Console: colour VGA+ 80x25
[    0.000000] console [tty1] enabled
[    0.000000] console [ttyS0] enabled
[    0.000000] tsc: Detected 2394.560 MHz processor
[    0.184520] Calibrating delay loop (skipped) preset value.. 4789.12 BogoMIPS (lpj=9578240)
[    0.186245] pid_max: default: 32768 minimum: 301
[    0.187166] ACPI: Core revision 20150930
[    0.188893] ACPI: 2 ACPI AML tables successfully acquired and loaded
[    0.190210] Security Framework initialized
[    0.191054] Yama: becoming mindful.
[    0.191871] AppArmor: AppArmor initialized
[   0.193241] Dentry cache hash table entries: 262144 (order: 9, 2097152 bytes)
[    0.207721] Inode-cache hash table entries: 131072 (order: 8, 1048576 bytes)
[    0.209641] Mount-cache hash table entries: 4096 (order: 3, 32768 bytes)
[    0.212435] Mountpoint-cache hash table entries: 4096 (order: 3, 32768 bytes)
[    0.213987] Initializing cgroup subsys io
[    0.214955] Initializing cgroup subsys memory
[    0.215931] Initializing cgroup subsys devices
[    0.216897] Initializing cgroup subsys freezer
[    0.217849] Initializing cgroup subsys net_cls
[    0.218800] Initializing cgroup subsys perf_event
[    0.219847] Initializing cgroup subsys net_prio
[    0.220790] Initializing cgroup subsys hugetlb
[    0.221713] Initializing cgroup subsys pids
[    0.222671] CPU: Physical Processor ID: 0
[    0.223576] CPU: Processor Core ID: 0
[    0.224730] mce: CPU supports 0 MCE banks
[    0.225638] Last level iTLB entries: 4KB 512, 2MB 8, 4MB 8
[    0.226725] Last level dTLB entries: 4KB 512, 2MB 32, 4MB 32, 1GB 0
[    0.229979] Freeing SMP alternatives memory: 32K
[    0.239325] ftrace: allocating 32171 entries in 126 pages
[    0.284219] smpboot: APIC(0) Converting physical 0 to logical package 0
[    0.290770] smpboot: Max logical packages: 1
[    0.293342] x2apic enabled
[    0.294241] Switched APIC routing to physical x2apic.
[    0.296414] ..TIMER: vector=0x30 apic1=0 pin1=2 apic2=-1 pin2=-1
[    0.403707] smpboot: CPU0: Intel(R) Core(TM) i7-3630QM CPU @ 2.40GHz (family: 0x6, model: 0x3a, stepping: 0x9)
[    0.409740] Performance Events: unsupported p6 CPU model 58 no PMU driver, software events only.
[    0.411616] KVM setup paravirtual spinlock
[    0.413708] x86: Booting SMP configuration:
[    0.416654] .... node  #0, CPUs:      #1
[    0.417640] kvm-clock: cpu 1, msr 0:5f3e3041, secondary cpu clock
[    0.428736] mce: CPU supports 0 MCE banks
[    0.431149] x86: Booted up 1 node, 2 CPUs
[    0.433548] smpboot: Total of 2 processors activated (9578.24 BogoMIPS)
[    0.435407] devtmpfs: initialized
[    0.439217] evm: security.selinux
[    0.440001] evm: security.SMACK64
[    0.440727] evm: security.SMACK64EXEC
[    0.441501] evm: security.SMACK64TRANSMUTE
[    0.442339] evm: security.SMACK64MMAP
[    0.443155] evm: security.ima
[    0.443842] evm: security.capability
[    0.444982] clocksource: jiffies: mask: 0xffffffff max_cycles: 0xffffffff, max_idle_ns: 7645041785100000 ns
[    0.452286] futex hash table entries: 512 (order: 3, 32768 bytes)
[    0.453853] pinctrl core: initialized pinctrl subsystem
[    0.456461] RTC time: 11:51:27, date: 01/14/18
[    0.457576] NET: Registered protocol family 16
[    0.468308] cpuidle: using governor ladder
[    0.559828] cpuidle: using governor menu
[    0.563735] PCCT header not found.
[    0.571762] ACPI: bus type PCI registered
[    0.572491] acpiphp: ACPI Hot Plug PCI Controller Driver version: 0.5
[    0.573744] PCI: Using configuration type 1 for base access
[    0.713611] ACPI: Added _OSI(Module Device)
[    0.777532] ACPI: Added _OSI(Processor Device)
[    0.803602] ACPI: Added _OSI(3.0 _SCP Extensions)
[    0.804411] ACPI: Added _OSI(Processor Aggregator Device)
[    0.805927] ACPI: Executed 1 blocks of module-level executable AML code
[    0.808683] ACPI: Interpreter enabled
[    0.809343] ACPI: (supports S0 S5)
[    0.809960] ACPI: Using IOAPIC for interrupt routing
[    0.810885] PCI: Using host bridge windows from ACPI; if necessary, use "pci=nocrs" and report a bug
[    0.815635] ACPI: PCI Root Bridge [PCI0] (domain 0000 [bus 00-ff])
[    0.864367] acpi PNP0A03:00: _OSC: OS supports [ASPM ClockPM Segments MSI]
[    0.865384] acpi PNP0A03:00: _OSC: not requesting OS control; OS requires [ExtendedConfig ASPM ClockPM MSI]
[    0.866918] acpi PNP0A03:00: fail to add MMCONFIG information, can't access extended PCI configuration space under this bridge.
[    0.868905] PCI host bridge to bus 0000:00
[    0.869601] pci_bus 0000:00: root bus resource [io  0x0000-0x0cf7 window]
[    0.870585] pci_bus 0000:00: root bus resource [io  0x0d00-0xffff window]
[    0.871637] pci_bus 0000:00: root bus resource [mem 0x000a0000-0x000bffff window]
[    0.872933] pci_bus 0000:00: root bus resource [mem 0x5f400000-0xfdffffff window]
[    0.874271] pci_bus 0000:00: root bus resource [bus 00-ff]
[    0.876660] pci 0000:00:01.1: legacy IDE quirk: reg 0x10: [io  0x01f0-0x01f7]
[    0.881436] pci 0000:00:01.1: legacy IDE quirk: reg 0x14: [io  0x03f6]
[    0.882454] pci 0000:00:01.1: legacy IDE quirk: reg 0x18: [io  0x0170-0x0177]
[    0.883540] pci 0000:00:01.1: legacy IDE quirk: reg 0x1c: [io  0x0376]
[    0.907145] pci 0000:00:07.0: quirk: [io  0x4000-0x403f] claimed by PIIX4 ACPI
[    1.076865] pci 0000:00:07.0: quirk: [io  0x4100-0x410f] claimed by PIIX4 SMB
[    1.135835] ACPI: PCI Interrupt Link [LNKA] (IRQs 5 9 10 *11)
[    1.144309] ACPI: PCI Interrupt Link [LNKB] (IRQs 5 9 *10 11)
[    1.145923] ACPI: PCI Interrupt Link [LNKC] (IRQs 5 *9 10 11)
[    1.147527] ACPI: PCI Interrupt Link [LNKD] (IRQs 5 9 10 *11)
[    1.149243] ACPI: Enabled 2 GPEs in block 00 to 07
[    1.150710] vgaarb: setting as boot device: PCI:0000:00:02.0
[    1.151868] vgaarb: device added: PCI:0000:00:02.0,decodes=io+mem,owns=io+mem,locks=none
[    1.153926] vgaarb: loaded
[    1.161310] vgaarb: bridge control possible 0000:00:02.0
[    1.162686] SCSI subsystem initialized
[    1.163701] ACPI: bus type USB registered
[    1.164621] usbcore: registered new interface driver usbfs
[    1.165756] usbcore: registered new interface driver hub
[    1.166869] usbcore: registered new device driver usb
[    1.168156] PCI: Using ACPI for IRQ routing
[    1.169354] NetLabel: Initializing
[    1.170145] NetLabel:  domain hash size = 128
[    1.171078] NetLabel:  protocols = UNLABELED CIPSOv4
[    1.172135] NetLabel:  unlabeled traffic allowed by default
[    1.173740] amd_nb: Cannot enumerate AMD northbridges
[    1.174860] clocksource: Switched to clocksource kvm-clock
[    1.187672] AppArmor: AppArmor Filesystem Enabled
[    1.194348] pnp: PnP ACPI init
[   .195913] pnp: PnP ACPI: found 3 devices

[  1.252399] clocksource: acpi_pm: mask: 0xffffff max_cycles: 0xffffff, max_idle_ns: 2085701024 ns
[    1.299485] NET: Registered protocol family 2

[    1.300548] TCP established hash table entries: 16384 (order: 5, 131072 bytes)
[    1.302210] TCP bind hash table entries: 16384 (order: 6, 262144 bytes)
[   3270TC Hh abs nfured (established 16384 bind 16384)
[  1039]DPastae trs:02(oer3,27 bes
[  2690]UDP-Lite hash table entries: 1024 (order: 3, 32768 bytes)
[    2.744303] NET: Registered protocol family 1
[    2.745178] pci 0000:00:00.0: Limiting direct PCI/PCI transfers
[    2.746173] pci 0000:00:01.0: Activating ISA DMA hang workarounds
[    2.747262] Unpacking initramfs...

[    4.366985] Freeing initrd memory: 10792K
[    4.373469] RAPL PMU detected, API unit is 2^-32 Joules, 3 fixed counters 10737418240 ms ovfl timer
[    4.375322] hw unit of domain pp0-core 2^-0 Joules
[    4.376326] hw unit of domain package 2^-0 Joules
[    4.377294] hw unit of domain pp1-gpu 2^-0 Joules
[    4.378305] platform rtc_cmos: registered platform RTC device (no PNP device found)
[    4.379985] Scanning for low memory corruption every 60 seconds
[    4.381554] audit: initializing netlink subsys (disabled)
[    4.382427] audit: type=2000 audit(1515930695.446:1): initialized
[    4.383715] Initialise system trusted keyring
[    4.384590] HugeTLB registered 2 MB page size, pre-allocated 0 pages
[    4.386875] zbud: loaded
[    4.583764] VFS: Disk quotas dquot_6.6.0
[    4.653637] VFS: Dquot-cache hash table entries: 512 (order 0, 4096 bytes)
[    4.654896] squashfs: version 4.0 (2009/01/31) Phillip Lougher
[    4.656267] fuse init (API version 7.23)
[    4.657106] Key type big_key registered
[    4.657813] Allocating IMA MOK and blacklist keyrings.
[    4.659897] Key type asymmetric registered
[    4.660630] Asymmetric key parser 'x509' registered
[    4.661475] Block layer SCSI generic (bsg) driver version 0.4 loaded (major 249)
[    4.662809] io scheduler noop registered
[    4.663542] io scheduler deadline registered (default)
[    4.664419] io scheduler cfq registered
[    4.665195] pci_hotplug: PCI Hot Plug PCI Core version: 0.5
[    4.666093] pciehp: PCI Express Hot Plug Controller Driver version: 0.4
[    4.667214] ACPI: AC Adapter [AC] (on-line)
[    4.668020] input: Power Button as /devices/LNXSYSTM:00/LNXPWRBN:00/input/input0
[    4.669315] ACPI: Power Button [PWRF]
[    4.670038] input: Sleep Button as /devices/LNXSYSTM:00/LNXSLPBN:00/input/input1
[    4.671328] ACPI: Sleep Button [SLPF]
[    4.672741] ACPI: Battery Slot [BAT0] (battery present)
[    4.673988] GHES: HEST is not enabled!
[    4.676453] Serial: 8250/16550 driver, 32 ports, IRQ sharing enabled
[    4.699077] 00:02: ttyS0 at I/O 0x3f8 (irq = 4, base_baud = 115200) is a 16550A
[    4.855088] Linux agpgart interface v0.103
[    4.857441] loop: module loaded
[    4.858630] scsi host0: ata_piix
[    4.859437] scsi host1: ata_piix
[    4.860108] ata1: PATA max UDMA/33 cmd 0x1f0 ctl 0x3f6 bmdma 0xd000 irq 14
[    4.861156] ata2: PATA max UDMA/33 cmd 0x170 ctl 0x376 bmdma 0xd008 irq 15
[    4.862313] libphy: Fixed MDIO Bus: probed
[    4.863089] tun: Universal TUN/TAP device driver, 1.6
[    4.870007] tun: (C) 1999-2004 Max Krasnyansky <maxk@qualcomm.com>
[    4.871010] PPP generic driver version 2.4.2
[    4.871850] ehci_hcd: USB 2.0 'Enhanced' Host Controller (EHCI) Driver
[    4.872844] ehci-pci: EHCI PCI platform driver
[    4.873918] ehci-platform: EHCI generic platform driver
[    4.876515] ohci_hcd: USB 1.1 'Open' Host Controller (OHCI) Driver
[    4.877501] ohci-pci: OHCI PCI platform driver
[    4.878270] ohci-platform: OHCI generic platform driver
[    4.879168] uhci_hcd: USB Universal Host Controller Interface driver
[    4.880249] i8042: PNP: PS/2 Controller [PNP0303:PS2K,PNP0f03:PS2M] at 0x60,0x64 irq 1,12
[    4.882109] serio: i8042 KBD port at 0x60,0x64 irq 1
[    4.882962] serio: i8042 AUX port at 0x60,0x64 irq 12
[    4.883901] mousedev: PS/2 mouse device common for all mice
[    4.885259] rtc_cmos rtc_cmos: rtc core: registered rtc_cmos as rtc0
[    4.886324] input: AT Translated Set 2 keyboard as /devices/platform/i8042/serio0/input/input2
[    4.888063] rtc_cmos rtc_cmos: alarms up to one day, 114 bytes nvram
[    4.889055] i2c /dev entries driver
[    4.889758] device-mapper: uevent: version 1.0.3
[    4.890602] device-mapper: ioctl: 4.34.0-ioctl (2015-10-28) initialised: dm-devel@redhat.com
[    4.892030] ledtrig-cpu: registered to indicate activity on CPUs
[    4.893597] NET: Registered protocol family 10
[    5.073867] NET: Registered protocol family 17
[    5.074635] Key type dns_resolver registered
[    5.075609] microcode: CPU0 sig=0x306a9, pf=0x2, revision=0x19
[    5.076550] microcode: CPU1 sig=0x306a9, pf=0x2, revision=0x19
[    5.077561] microcode: Microcode Update Driver: v2.01 <tigran@aivazian.fsnet.co.uk>, Peter Oruba
[    5.079689] registered taskstats version 1
[    5.080398] Loading compiled-in X.509 certificates
[    5.081837] Loaded X.509 cert 'Build time autogenerated kernel key: 96e61bd247bb6c4e82ca419795a98fcb171b0e99'
[    5.153365] zswap: loaded using pool lzo/zbud
[    5.275604] Key type trusted registered
[    5.372504] Key type encrypted registered
[    5.411334] tsc: Refined TSC clocksource calibration: 2393.973 MHz
[    5.412306] clocksource: tsc: mask: 0xffffffffffffffff max_cycles: 0x2281f9fc473, max_idle_ns: 440795286168 ns
[    5.413915] AppArmor: AppArmor sha1 policy hashing enabled
[    5.414793] ima: No TPM chip found, activating TPM-bypass!
[    5.415744] evm: HMAC attrs: 0x1
[    5.416924]   Magic number: 2:525:883
[    5.417697] rtc_cmos rtc_cmos: setting system clock to 2018-01-14 11:51:32 UTC (1515930692)
[    5.420652] BIOS EDD facility v0.16 2004-Jun-25, 0 devices found
[    5.421675] EDD information not available.
[    5.423672] Freeing unused kernel memory: 1508K
[    5.542548] Write protecting the kernel read-only data: 14336k
[    5.561819] Freeing unused kernel memory: 1744K
[    5.563979] Freeing unused kernel memory: 108K
Loading, please wait...
[    5.593435] random: systemd-udevd: uninitialized urandom read (16 bytes read, 2 bits of entropy available)
starting version[    5.594115] random: udevadm: uninitialized urandom read (16 bytes read, 2 bits of entropy available)
 229
[    5.594143] random: udevadm: uninitialized urandom read (16 bytes read, 2 bits of entropy available)
[    5.608250] random: udevadm: uninitialized urandom read (16 bytes read, 2 bits of entropy available)
[    5.608305] random: udevadm: uninitialized urandom read (16 bytes read, 2 bits of entropy available)
[    5.608509] random: udevadm: uninitialized urandom read (16 bytes read, 2 bits of entropy available)
[    5.608588] random: udevadm: uninitialized urandom read (16 bytes read, 2 bits of entropy available)
[    5.608669] random: udevadm: uninitialized urandom read (16 bytes read, 2 bits of entropy available)
[    5.608748] random: udevadm: uninitialized urandom read (16 bytes read, 2 bits of entropy available)
[    5.608826] random: udevadm: uninitialized urandom read (16 bytes read, 2 bits of entropy available)
[    5.736263] e1000: Intel(R) PRO/1000 Network Driver - version 7.3.21-k8-NAPI
[    5.959415] e1000: Copyright (c) 1999-2006 Intel Corporation.
[    6.057784] Fusion MPT base driver 3.04.20
[    6.223339] Copyright (c) 1999-2008 LSI Corporation
[    6.410425] Fusion MPT SPI Host driver 3.04.20
[    6.456453] AVX version of gcm_enc/dec engaged.
[    6.463283] AES CTR mode by8 optimization enabled
[    6.608352] input: ImExPS/2 Generic Explorer Mouse as /devices/platform/i8042/serio1/input/input4
[    6.798620] e1000 0000:00:03.0 eth0: (PCI:33MHz:32-bit) 02:38:07:4c:82:85
[    6.813980] e1000 0000:00:03.0 eth0: Intel(R) PRO/1000 Network Connection
[    7.156435] e1000 0000:00:08.0 eth1: (PCI:33MHz:32-bit) 08:00:27:f1:fa:4f
[    7.513728] e1000 0000:00:08.0 eth1: Intel(R) PRO/1000 Network Connection
[    7.545203] e1000 0000:00:03.0 enp0s3: renamed from eth0
[    7.683242] mptbase: ioc0: Initiating bringup
[    7.747075] ioc0: LSI53C1030 A0: Capabilities={Initiator}
[    8.040405] scsi host2: ioc0: LSI53C1030 A0, FwRev=00000000h, Ports=1, MaxQ=256, IRQ=20
[    8.567159] e1000 0000:00:08.0 enp0s8: renamed from eth1
[    8.675437] scsi 2:0:0:0: Direct-Access     VBOX     HARDDISK         1.0  PQ: 0 ANSI: 5
[    8.709761] scsi target2:0:0: Beginning Domain Validation
[    8.717721] scsi target2:0:0: Domain Validation skipping write tests
[    8.720041] scsi target2:0:0: Ending Domain Validation
[    8.722047] scsi target2:0:0: asynchronous
[    8.725386] scsi 2:0:1:0: Direct-Access     VBOX     HARDDISK         1.0  PQ: 0 ANSI: 5
[    8.994047] scsi target2:0:1: Beginning Domain Validation
[    8.998885] scsi target2:0:1: Domain Validation skipping write tests
[    9.633441] scsi target2:0:1: Ending Domain Validation
[    9.635552] floppy0: no floppy controllers found
[    9.643032] scsi target2:0:1: asynchronous
[    9.653778] sd 2:0:0:0: Attached scsi generic sg0 type 0
[    9.654754] sd 2:0:0:0: [sda] 20971520 512-byte logical blocks: (10.7 GB/10.0 GiB)
[    9.656509] sd 2:0:1:0: [sdb] 20480 512-byte logical blocks: (10.5 MB/10.0 MiB)
[    9.664266] sd 2:0:1:0: Attached scsi generic sg1 type 0
[    9.664387] sd 2:0:0:0: [sda] Write Protect is off
[    9.664536] sd 2:0:0:0: [sda] Incomplete mode parameter data
[    9.664538] sd 2:0:0:0: [sda] Assuming drive cache: write through
[    9.664557] sd 2:0:1:0: [sdb] Write Protect is off
[    9.664870] sd 2:0:1:0: [sdb] Incomplete mode parameter data
[    9.664872] sd 2:0:1:0: [sdb] Assuming drive cache: write through
[    9.687011]  sda: sda1
[    9.824393] sd 2:0:0:0: [sda] Attached SCSI disk
[    9.856802] sd 2:0:1:0: [sdb] Attached SCSI disk
Begin: Loading e[   11.402803] md: linear personality registered for level -1
ssential drivers ... [   11.566476] md: multipath personality registered for level -4
[   11.571138] md: raid0 personality registered for level 0
[   11.574925] md: raid1 personality registered for level 1
[   11.646889] raid6: sse2x1   gen()  8807 MB/s
[   11.834887] raid6: sse2x1   xor()  6617 MB/s
[   12.018884] raid6: sse2x2   gen() 11068 MB/s
[   12.114876] raid6: sse2x2   xor()  7527 MB/s
[   12.190882] raid6: sse2x4   gen() 12637 MB/s
[   12.374889] raid6: sse2x4   xor()  9485 MB/s
[   12.459859] raid6: using algorithm sse2x4 gen() 12637 MB/s
[   12.460737] raid6: .... xor() 9485 MB/s, rmw enabled
[   12.461540] raid6: using ssse3x2 recovery algorithm
[   12.464170] xor: automatically using best checksumming function:
[   12.527792]    avx       : 52795.000 MB/sec
[   12.874475] async_tx: api initialized (async)
[   12.880999] md: raid6 personality registered for level 6
[   12.890031] md: raid5 personality registered for level 5
[   12.890878] md: raid4 personality registered for level 4
[   12.898450] md: raid10 personality registered for level 10
done.
Begin: Running /scripts/init-pre[   13.091113] Btrfs loaded
mount ... done.
Begin: Mounting root file system ... Begin: Running /scripts/local-top ... done.
Begin: Running /scripts/local[   13.428692] EXT4-fs (sda1): mounted filesystem with ordered data mode. Opts: (null)
-premount ... Scanning for Btrfs filesystems
done.
Warning: fsck not present, so skipping root file system
done.
Begin: Running /scripts/local-bottom ... done.
Begin: Running /scripts/init-bottom ... done.
[   14.218037] systemd[1]: systemd 229 running in system mode. (+PAM +AUDIT +SELINUX +IMA +APPARMOR +SMACK +SYSVINIT +UTMP +LIBCRYPTSETUP +GCRYPT +GNUTLS +ACL +XZ -LZ4 +SECCOMP +BLKID +ELFUTILS +KMOD -IDN)
[   14.504804] systemd[1]: Detected virtualization oracle.
[   14.505640] systemd[1]: Detected architecture x86-64.

Welcome to [1mUbuntu 16.04.3 LTS[0m!

[   14.569234] systemd[1]: Set hostname to <VM-2>.
[   14.684791] random: nonblocking pool is initialized
[   16.254931] systemd[1]: Listening on Journal Audit Socket.
[[0;32m  OK  [0m] Listening on Journal Audit Socket.
[   16.287107] systemd[1]: Listening on Device-mapper event daemon FIFOs.
[[0;32m  OK  [0m] Listening on Device-mapper event daemon FIFOs.
[   16.297018] systemd[1]: Listening on udev Kernel Socket.
[[0;32m  OK  [0m] Listening on udev Kernel Socket.
[   16.298929] systemd[1]: Reached target Encrypted Volumes.
[[0;32m  OK  [0m] Reached target Encrypted Volumes.
[   16.301453] systemd[1]: Created slice System Slice.
[[0;32m  OK  [0m] Created slice System Slice.
[   16.303932] systemd[1]: Created slice system-serial\x2dgetty.slice.
[[0;32m  OK  [0m] Created slice system-serial\x2dgetty.slice.
[   16.308459] systemd[1]: Listening on LVM2 poll daemon socket.
[[0;32m  OK  [0m] Listening on LVM2 poll daemon socket.
[   16.313124] systemd[1]: Listening on Journal Socket (/dev/log).
[[0;32m  OK  [0m] Listening on Journal Socket (/dev/log).
[   16.316299] systemd[1]: Set up automount Arbitrary Executable File Formats File System Automount Point.
[[0;32m  OK  [0m] Set up automount Arbitrary Executab...ats File System Automount Point.
[   16.324213] systemd[1]: Started Forward Password Requests to Wall Directory Watch.
[[0;32m  OK  [0m] Started Forward Password Requests to Wall Directory Watch.
[   16.330408] systemd[1]: Listening on Journal Socket.
[[0;32m  OK  [0m] Listening on Journal Socket.
[   16.363075] systemd[1]: Mounting POSIX Message Queue File System...
         Mounting POSIX Message Queue File System...
[   16.377787] systemd[1]: Starting Create list of required static device nodes for the current kernel...
         Starting Create list of required st... nodes for the current kernel...
[   16.565743] systemd[1]: Mounting Huge Pages File System...
         Mounting Huge Pages File System...
[   16.569921] systemd[1]: Starting Set console keymap...
         Starting Set console keymap...
[   16.572619] systemd[1]: Mounting Debug File System...
         Mounting Debug File System...
[   16.719154] systemd[1]: ttarting Uncomplicated firewall...
         Starting Uncomplicated firewall...
[   17.153586] systemd[1]: Starting Nameserver information manager...
         Starting Nameserver information manager...
[   17.258195] systemd[1]: Starting Load Kernel Modules...
[   17.503671] Loading iSCSI transport class v2.0-870.
         Starting Load Kernel Modules...
[   17.803480] systemd[1]: Listening on Syslog Socket.
[[0;32m  OK  [0m] Listening on[   18.036644] iscsi: registered transport (tcp)
 Syslog Socket.
[   18.094110] systemd[1]: Started Trigger resolvconf update for networkd DNS.
[[0;32m  OK  [0m] Started Trigger resolvconf update for networkd DNS.
[   18.274291] systemd[1]: Listening on udev Control Socket.
[[0;32m  OK  [0m] Listening on udev Control Socket.
[   18.279923] systemd[1]: Listening on LVM2 metadata daemon socket.
[[0;32m  OK  [0m] Listening on LVM2 metadata daemon socket.
[   18.299177] systemd[1]: Starting Monitoring of LVM2 mirrors, snapshots etc. using dmeventd or progress polling...
         Startin[   18.556961] iscsi: registered transport (iser)
g Monitoring of LVM2 mirrors... dmeventd or progress polling...
[   18.559248] systemd[1]: Reached target User and Group Name Lookups.
[[0;32m  OK  [0m] Reached target User and Group Name Lookups.
[   18.562085] systemd[1]: Starting Remount Root and Kernel File Systems...
         Starting Remount Root and Kernel File Systems...
[   18.566047] systemd[1]: Starting Journal Service...
         Starting Journal Service...
[   18.579437] systemd[1]: Reached target Swap.
[   18.585873] EXT4-fs (sda1): re-mounted. Opts: (null)
[[0;32m  OK  [0m] Reached target Swap.
[   18.918345] systemd[1]: Listening on /dev/initctl Compatibility Named Pipe.
[[0;32m  OK  [0m] Listening on /dev/initctl Compatibility Named Pipe.
[   18.960388] systemd[1]: Created slice User and Session Slice.
[[0;32m  OK  [0m] Created slice User and Session Slice.
[   19.321196] systemd[1]: Reached target Slices.
[[0;32m  OK  [0m] Reached target Slices.
[   19.336475] systemd[1]: Mounted POSIX Message Queue File System.
[[0;32m  OK  [0m] Mounted POSIX Message Queue File System.
[   19.341545] systemd[1]: Mounted Huge Pages File System.
[[0;32m  OK  [0m] Mounted Huge Pages File System.
[   19.349030] systemd[1]: Mounted Debug File System.
[[0;32m  OK  [0m] Mounted Debug File System.
[   19.351061] systemd[1]: Started Journal Service.
[[0;32m  OK  [0m] Started Journal Service.
[[0;32m  OK  [0m] Started Create list of required sta...ce nodes for the current kernel.
[[0;32m  OK  [0m] Started Set console keymap.
[[0;32m  OK  [0m] Started Uncomplicated firewall.
[[0;32m  OK  [0m] Started Load Kernel Modules.
[[0;32m  OK  [0m] Started Remount Root and Kernel File Systems.
[[0;32m  OK  [0m] Started Nameserver information manager.
[[0;32m  OK  [0m] Started LVM2 metadata daemon.
         Starting Load/Save Random Seed...
         Starting Initial cloud-init job (pre-networking)...
         Starting udev Coldplug all Devices...
         Starting Apply Kernel Variables...
         Mounting FUSE Control File System...
         Starting Create Static Device Nodes in /dev...
         Starting Flush Journal to Persistent Storage...
[[0;32m  OK  [0m] Mounted FUSE Control File System.
[[0;32m  OK  [0m] Started Monitoring of LVM2 mirrors,...ng dmeventd or progress polling.
[[0;32m  OK  [0m] Started Load/Save Random Seed.
[[0;32m  OK  [0m] Started udev Coldplug all Devices.
[   20.266880] systemd-journald[413]: Received request to flush runtime journal from PID 1
[[0;32m  OK  [0m] Started Flush Journal to Persistent Storage.
[[0;32m  OK  [0m] Started Apply Kernel Variables.
[[0;32m  OK  [0m] Started Create Static Device Nodes in /dev.
         Starting udev Kernel Device Manager...
[[0;32m  OK  [0m] Started udev Kernel Device Manager.
[[0;32m  OK  [0m] Started Dispatch Password Requests to Console Directory Watch.
[[0;32m  OK  [0m] Reached target Local File Systems (Pre).
[[0;32m  OK  [0m] Reached target Local File Systems.
         Starting Set console font and keymap...
         Starting Create Volatile Files and Directories...
         Starting Tell Plymouth To Write Out Runtime Data...
         Starting LSB: AppArmor initialization...
[[0;32m  OK  [0m] Started Tell Plymouth To Write Out Runtime Data.
[[0;32m  OK  [0m] Found device /dev/ttyS0.
[[0;32m  OK  [0m] Started Create Volatile Files and Directories.
         Starting Update UTMP about System Boot/Shutdown...
[[0;32m  OK  [0m] Reached target System Time Synchronized.
[[0;32m  OK  [0m] Started Update UTMP about System Boot/Shutdown.
[[0;32m  OK  [0m] Started Set console font and keymap.
[[0;32m  OK  [0m] Created slice system-getty.slice.
[[0;32m  OK  [0m] Found device 82540EM Gigabit Ethern...r (PRO/1000 MT Desktop Adapter).
[[0;32m  OK  [0m] Found device 82540EM Gigabit Ethern...r (PRO/1000 MT Desktop Adapter).
[[0;32m  OK  [0m] Listening on Load/Save RF Kill Switch Status /dev/rfkill Watch.
[[0;32m  OK  [0m] Started LSB: AppArmor initialization.
[   25.618727] cloud-init[439]: Cloud-init v. 17.1 running 'init-local' at Sun, 14 Jan 2018 11:51:52 +0000. Up 24.89 seconds.
[[0;32m  OK  [0m] Started Initial cloud-init job (pre-networking).
[[0;32m  OK  [0m] Reached target Network (Pre).
         Starting Raise network interfaces...
[[0;32m  OK  [0m] Started ifup for enp0s3.
[[0;32m  OK  [0m] Started ifup for enp0s8.
[[0;32m  OK  [0m] Started Raise network interfaces.
[[0;32m  OK  [0m] Reached target Network.
         Starting Initial cloud-init job (metadata service crawler)...
[   27.539062] cloud-init[1060]: Cloud-init v. 17.1 running 'init' at Sun, 14 Jan 2018 11:51:54 +0000. Up 26.80 seconds.
[   27.542658] cloud-init[1060]: ci-info: ++++++++++++++++++++++++++++++++++++++Net device info++++++++++++++++++++++++++++++++++++++
[   27.545934] cloud-init[1060]: ci-info: +--------+------+-----------------------------+---------------+-------+-------------------+
[   27.591839] cloud-init[1060]: ci-info: | Device |  Up  |           Address           |      Mask     | Scope |     Hw-Address    |
[   27.594125] cloud-init[1060]: ci-info: +--------+------+-----------------------------+---------------+-------+-------------------+
[   27.596382] cloud-init[1060]: ci-info: | enp0s3 | True |          10.0.2.15          | 255.255.255.0 |   .   | 02:38:07:4c:82:85 |
[   27.598601] cloud-init[1060]: ci-info: | enp0s3 | True |  fe80::38:7ff:fe4c:8285/64  |       .       |  link | 02:38:07:4c:82:85 |
[   27.600891] cloud-init[1060]: ci-info: | enp0s8 | True |         192.168.50.4        | 255.255.255.0 |   .   | 08:00:27:f1:fa:4f |
[   27.603922] [[0;32m  OK  [0m] Started Initial cloud-init job (metadata service crawler).
cloud-init[1060]: [[0;32m  OK  [0m] Reached target Network is Online.
ci-info: | enp0s8 | True | fe80::a00:27ff:fef1:fa4f/64 |       .       |  link | 08:00:27:f1:fa:4f |
[   27.612728] cloud-init[1060]: ci-info: |   lo   | True |          127.0.0.1          |   255.0.0.0   |   .   |         .         |
[   27.619192]          Starting iSCSI initiator daemon (iscsid)...
[[0;32m  OK  [0m] Reached target Cloud-config availability.
[[0;32m  OK  [0m] Reached target System Initialization.
cloud-init[1060]: ci-info: |   lo   | True |           ::1/128           |       .       |  host |         .         |
[   27.628374] cloud-init[1060]: ci-info: +--------+------+-----------------------------+---------------+-------+-------------------+
[   27.631632] cloud-init[1060]: ci-info: ++++++++++++++++++++++++++++Route IPv4 info++++++++++++++++++++++++++++
[   27.633626] cloud-init[1060]: ci-info: +-------+--------------+----------+---------------+-----------+-------+
[   27.653337] cloud-init[1060]: ci-info: | Route | Destination  | Gateway  |    Genmask    | Interface | Flags |
[   27.655257] cloud-init[1060]: ci-info: +-------+--------------+----------+---------------+-----------+-------+
[   27.657211] [cloud-init[0;32m  OK  [0m[1060]: ] ci-info: |   0   |   0.0.0.0    | 10.0.2.2 |    0.0.0.0    |   enp0s3  |   UG  |Started Daily apt download activities.

[   27.660508]          Starting Socket activation for snappy daemon.
[[0;32m  OK  [0m] Started Timer to automatically refresh installed snaps.
[[0;32m  OK  [0m] Listening on UUID daemon activation socket.
[[0;32m  OK  [0m] Listening on D-Bus System Message Bus Socket.
cloud-init[1060]: ci-info: |   1   |   10.0.2.0   | 0.0.0.0  | 255.255.255.0 |   enp0s3  |   U   |
[   27.665291] cloud-init[1060]: ci-info: |   2   | 192.168.50.0 | 0.0.0.0  | 255.255.255.0 |   enp0s8  |   U   |
[   27.667238] cloud-init[1060]: ci-info: +-------+--------------+----------+---------------+-----------+-------+
[[0;32m  OK  [0m] Started ACPI Events Check.
[[0;32m  OK  [0m] Reached target Paths.
[[0;32m  OK  [0m] Started Daily apt upgrade and clean activities.
         Starting LXD - unix socket.
[[0;32m  OK  [0m] Listening on ACPID Listen Socket.
[[0;32m  OK  [0m] Started Daily Cleanup of Temporary Directories.
[[0;32m  OK  [0m] Reached target Timers.
[[0;32m  OK  [0m] Listening on Socket activation for snappy daemon.
[[0;32m  OK  [0m] Listening on LXD - unix socket.
[[0;32m  OK  [0m] Started iSCSI initiator daemon (iscsid).
         Starting Login to default iSCSI targets...
[[0;32m  OK  [0m] Reached target Sockets.
[[0;32m  OK  [0m] Reached target Basic System.
         Starting LXD - container startup/shutdown...
         Starting System Logging Service...
[[0;32m  OK  [0m] Started D-Bus System Message Bus.
[[0;32m  OK  [0m] Started Unattended Upgrades Shutdown.
[[0;32m  OK  [0m] Started FUSE filesystem for LXC.
         Starting LSB: MD monitoring daemon...
[[0;32m  OK  [0m] Started Deferred execution scheduler.
         Starting Accounts Service...
[[0;32m  OK  [0m] Started ACPI event daemon.
         Starting LSB: Record successful boot for GRUB...
         Starting Apply the settings specified in cloud-config...
         Starting OpenBSD Secure Shell server...
[[0;32m  OK  [0m] Started Regular background program processing daemon.
         Starting /etc/rc.local Compatibility...
         Starting Login Service...
         Starting Snappy daemon...
[[0;32m  OK  [0m] Started System Logging Service.
[[0;32m  OK  [0m] Started /etc/rc.local Compatibility.
[[0;32m  OK  [0m] Started Login Service.
[[0;32m  OK  [0m] Started LSB: MD monitoring daemon.
[[0;32m  OK  [0m] Started Login to default iSCSI targets.
[[0;32m  OK  [0m] Reached target Remote File Systems (Pre).
[[0;32m  OK  [0m] Reached target Remote File Systems.
         Starting LSB: automatic crash report generation...
         Starting LSB: VirtualBox Linux Additions...
         Starting LSB: daemon to balance interrupts for SMP systems...
         Starting LSB: Set the CPU Frequency Scaling governor to "ondemand"...
         Starting Permit User Sessions...
[[0;32m  OK  [0m] Started LSB: Record successful boot for GRUB.
[[0;32m  OK  [0m] Started LSB: Set the CPU Frequency Scaling governor to "ondemand".
[[0;32m  OK  [0m] Started Permit User Sessions.
         Starting Hold until boot process finishes up...
         Starting Terminate Plymouth Boot Screen...
[[0;32m  OK  [0m] Started Hold until boot process finishes up.
[[0;32m  OK  [0m] Started Terminate Plymouth Boot Screen.
[[0;32m  OK  [0m] Started Getty on tty1.
         Starting Set console scheme...
[[0;32m  OK  [0m] Started Serial Getty on ttyS0.
[[0;32m  OK  [0m] Reached target Login Prompts.
[[0;32m  OK  [0m] Started Set console scheme.
[[0;32m  OK  [0m] Started LSB: automatic crash report generation.
[[0;32m  OK  [0m] Started LSB: daemon to balance interrupts for SMP systems.
[   30.009354] cloud-init[1145]: Cloud-init v. 17.1 running 'modules:config' at Sun, 14 Jan 2018 11:51:56 +0000. Up 28.94 seconds.
[[0;32m  OK  [0m] Started Apply the settings specified in cloud-config.
         Starting Authenticate and Authorize Users to Run Privileged Tasks...
[[0;32m  OK  [0m] Started LSB: VirtualBox Linux Additions.
[[0;32m  OK  [0m] Started OpenBSD Secure Shell server.
[[0;32m  OK  [0m] Started Authenticate and Authorize Users to Run Privileged Tasks.
[[0;32m  OK  [0m] Started Accounts Service.
[[0;32m  OK  [0m] Started LXD - container startup/shutdown.
[[0;32m  OK  [0m] Created slice User Slice of vagrant.
         Starting User Manager for UID 1000...
[[0;32m  OK  [0m] Started Session 1 of user vagrant.
[[0;32m  OK  [0m] Started User Manager for UID 1000.
[[0;32m  OK  [0m] Started Snappy daemon.
[[0;32m  OK  [0m] Reached target Multi-User System.
         Starting Execute cloud user/final scripts...
[[0;32m  OK  [0m] Reached target Graphical Interface.
         Starting Update UTMP about System Runlevel Changes...
[[0;32m  OK  [0m] Started Update UTMP about System Runlevel Changes.
[   33.074286] cloud-init[1312]: Cloud-init v. 17.1 running 'modules:final' at Sun, 14 Jan 2018 11:52:00 +0000. Up 32.86 seconds.
[   33.089706] cloud-init[1312]: Cloud-init v. 17.1 finished at Sun, 14 Jan 2018 11:52:01 +0000. Datasource DataSourceNoCloud [seed=/dev/sdb][dsmode=net].  Up 33.06 seconds
[[0;32m  OK  [0m] Started Execute cloud user/final scripts.
[[0;32m  OK  [0m] Reached target Cloud-init target.

Ubuntu 16.04.3 LTS VM-2 ttyS0

VM-2 login: 